/Users/uchidawataru/Juntendo/DrFujita/test/test/ID01_Discovery_scan/freesurfer/mri
/Users/uchidawataru/bin/freesurfer/bin/mri_nu_correct.mni
--i orig.mgz --o nu.mgz --uchar transforms/talairach.xfm --n 2 --ants-n4
nIters 2
FreeSurferEnv.csh 7.1.1
Darwin MacBook-Pro-10.local 21.6.0 Darwin Kernel Version 21.6.0: Mon Aug 22 20:17:10 PDT 2022; root:xnu-8020.140.49~2/RELEASE_X86_64 x86_64 i386 Darwin
Mon Oct  9 15:40:34 JST 2023
tmpdir is ./tmp.mri_nu_correct.mni.62616
cd /Users/uchidawataru/Juntendo/DrFujita/test/test/ID01_Discovery_scan/freesurfer/mri
AntsN4BiasFieldCorrectionFs -i orig.mgz -o ./tmp.mri_nu_correct.mni.62616/nu0.mgz
Using shrink factor: 4
mri_binarize --i ./tmp.mri_nu_correct.mni.62616/nu0.mgz --min -1 --o ./tmp.mri_nu_correct.mni.62616/ones.mgz

7.1.1
cwd /Users/uchidawataru/Juntendo/DrFujita/test/test/ID01_Discovery_scan/freesurfer/mri
cmdline mri_binarize --i ./tmp.mri_nu_correct.mni.62616/nu0.mgz --min -1 --o ./tmp.mri_nu_correct.mni.62616/ones.mgz 
sysname  Darwin
hostname MacBook-Pro-10.local
machine  x86_64
user     uchidawataru

input      ./tmp.mri_nu_correct.mni.62616/nu0.mgz
frame      0
nErode3d   0
nErode2d   0
output     ./tmp.mri_nu_correct.mni.62616/ones.mgz
Binarizing based on threshold
min        -1
max        +infinity
binval        1
binvalnot     0
fstart = 0, fend = 0, nframes = 1
Found 16777216 values in range
Counting number of voxels in first frame
Found 16777215 voxels in final mask
Count: 16777215 16777215.000000 16777216 99.999994
mri_binarize done
mri_segstats --id 1 --seg ./tmp.mri_nu_correct.mni.62616/ones.mgz --i orig.mgz --sum ./tmp.mri_nu_correct.mni.62616/sum.junk --avgwf ./tmp.mri_nu_correct.mni.62616/input.mean.dat

7.1.1
cwd 
cmdline mri_segstats --id 1 --seg ./tmp.mri_nu_correct.mni.62616/ones.mgz --i orig.mgz --sum ./tmp.mri_nu_correct.mni.62616/sum.junk --avgwf ./tmp.mri_nu_correct.mni.62616/input.mean.dat 
sysname  Darwin
hostname MacBook-Pro-10.local
machine  x86_64
user     uchidawataru
whitesurfname  white
UseRobust  0
Loading ./tmp.mri_nu_correct.mni.62616/ones.mgz
Loading orig.mgz
Voxel Volume is 1 mm^3
Generating list of segmentation ids
Found   1 segmentations
Computing statistics for each segmentation

Reporting on   1 segmentations
Using PrintSegStat
Computing spatial average of each frame
  0
Writing to ./tmp.mri_nu_correct.mni.62616/input.mean.dat
mri_segstats done
mri_segstats --id 1 --seg ./tmp.mri_nu_correct.mni.62616/ones.mgz --i ./tmp.mri_nu_correct.mni.62616/nu0.mgz --sum ./tmp.mri_nu_correct.mni.62616/sum.junk --avgwf ./tmp.mri_nu_correct.mni.62616/output.mean.dat

7.1.1
cwd 
cmdline mri_segstats --id 1 --seg ./tmp.mri_nu_correct.mni.62616/ones.mgz --i ./tmp.mri_nu_correct.mni.62616/nu0.mgz --sum ./tmp.mri_nu_correct.mni.62616/sum.junk --avgwf ./tmp.mri_nu_correct.mni.62616/output.mean.dat 
sysname  Darwin
hostname MacBook-Pro-10.local
machine  x86_64
user     uchidawataru
whitesurfname  white
UseRobust  0
Loading ./tmp.mri_nu_correct.mni.62616/ones.mgz
Loading ./tmp.mri_nu_correct.mni.62616/nu0.mgz
Voxel Volume is 1 mm^3
Generating list of segmentation ids
Found   1 segmentations
Computing statistics for each segmentation

Reporting on   1 segmentations
Using PrintSegStat
Computing spatial average of each frame
  0
Writing to ./tmp.mri_nu_correct.mni.62616/output.mean.dat
mri_segstats done
mris_calc -o ./tmp.mri_nu_correct.mni.62616/nu0.mgz ./tmp.mri_nu_correct.mni.62616/nu0.mgz mul 1.05367771365696831464
mri_convert ./tmp.mri_nu_correct.mni.62616/nu0.mgz nu.mgz --like orig.mgz
mri_convert ./tmp.mri_nu_correct.mni.62616/nu0.mgz nu.mgz --like orig.mgz 
reading from ./tmp.mri_nu_correct.mni.62616/nu0.mgz...
TR=100.00, TE=0.00, TI=0.00, flip angle=0.00
i_ras = (-1, 4.45652e-10, 0)
j_ras = (3.72529e-09, -5.82077e-11, -1)
k_ras = (-1.37516e-09, 1, -5.82077e-11)
INFO: transform src into the like-volume: orig.mgz
writing to nu.mgz...
mri_make_uchar nu.mgz transforms/talairach.xfm nu.mgz
type change took 0 minutes and 4 seconds.
mapping (15, 95) to ( 3, 110)
 
 
Mon Oct  9 15:42:40 JST 2023
mri_nu_correct.mni done
