/Users/uchidawataru/Juntendo/DrFujita/test/test/ID01_Discovery_scan/freesurfer/mri
/Users/uchidawataru/bin/freesurfer/bin/talairach_avi
--i orig_nu.mgz --xfm transforms/talairach.auto.xfm
FreeSurferEnv.csh 7.1.1
Darwin MacBook-Pro-10.local 21.6.0 Darwin Kernel Version 21.6.0: Mon Aug 22 20:17:10 PDT 2022; root:xnu-8020.140.49~2/RELEASE_X86_64 x86_64 i386 Darwin
Mon Oct  9 15:40:08 JST 2023
mri_convert orig_nu.mgz talsrcimg.img 
reading from orig_nu.mgz...
TR=100.00, TE=0.00, TI=0.00, flip angle=0.00
i_ras = (-1, 4.45652e-10, 0)
j_ras = (3.72529e-09, -5.82077e-11, -1)
k_ras = (-1.37516e-09, 1, -5.82077e-11)
writing to talsrcimg.img...
Analyze Output Matrix
-1.00000   0.00000  -0.00000   131.97873;
 0.00000  -0.00000   1.00000  -127.34461;
 0.00000  -1.00000  -0.00000   126.34015;
 0.00000   0.00000   0.00000   1.00000;
--------------------
INFO: set hdr.hist.orient to -1
mpr2mni305 talsrcimg
Mon Oct  9 15:40:09 JST 2023
/Users/uchidawataru/bin/freesurfer/bin/mpr2mni305 talsrcimg
mpr2mni305 7.1.1
target=711-2C_as_mni_average_305

---------------------------------------------------------------------
analyzeto4dfp talsrcimg -O0 -y
---------------------------------------------------------------------

freesurfer ifh2hdr.c
Mon Oct  9 15:40:10 2023
Writing: talsrcimg.4dfp.hdr
freesurfer analyzeto4dfp.c
Reading: talsrcimg.hdr
header size 348 bytes
hdr.dime.datatype	offset=70	value=2
hdr.dime.bitpix		offset=72	value=8
hdr.hist.orient		offset=252	value=-1
dimensionality     4
dimensions       256       256       256         1
Reading: talsrcimg.img
Writing: talsrcimg.4dfp.img
Writing: talsrcimg.4dfp.ifh
ifh2hdr talsrcimg -r0to255
ori=2

---------------------------------------------------------------------
gauss_4dfp talsrcimg 1.1
---------------------------------------------------------------------

freesurfer gauss_4dfp.c
Reading: talsrcimg.4dfp.img
Writing: talsrcimg_g11.4dfp.img
image dimensions 256 256 256 padded to 288 288 288
processing volume 1freesurfer ifh2hdr.c
Mon Oct  9 15:40:15 2023
Writing: talsrcimg_g11.4dfp.hdr

Writing: talsrcimg_g11.4dfp.ifh
including: talsrcimg.4dfp.img.rec in talsrcimg_g11.4dfp.img.rec

---------------------------------------------------------------------
imgreg_4dfp /Users/uchidawataru/bin/freesurfer/average/711-2C_as_mni_average_305 none talsrcimg_g11 none talsrcimg_to_711-2C_as_mni_average_305_t4 4355
---------------------------------------------------------------------

freesurfer imgreg_4dfp.c
/Users/uchidawataru/bin/freesurfer/average/711-2C_as_mni_average_305.4dfp.img
       256       256       256         1
  1.000000  1.000000  1.000000
orientation T byte_order littleendian
Reading image: /Users/uchidawataru/bin/freesurfer/average/711-2C_as_mni_average_305.4dfp.img
dimensions:      256       256       256
mmppix:       1.0000   -1.0000   -1.0000
center:     128.0000 -129.0000 -129.0000
talsrcimg_g11.4dfp.img
       256       256       256         1
  1.000000  1.000000  1.000000
orientation T byte_order littleendian
Reading image: talsrcimg_g11.4dfp.img
dimensions:      256       256       256
mmppix:       1.0000   -1.0000   -1.0000
center:     128.0000 -129.0000 -129.0000
t4_read: open error in t4_sub.f l:  41 t4_file(1:l)talsrcimg_to_711-2C_as_mni_average_305_t4 
t4_read: transform initialized to I4
rotation matrix determinant  1.000000
image alignment mode   4355 decimal     1103 hex
   -7.5000  -45.0000  -45.0000 9106.6846    8.6089
    0.0000  -45.0000  -45.0000 9531.7158    8.6079
    7.5000  -45.0000  -45.0000 9136.6357    8.6095
   -7.5000  -37.5000  -45.0000 9338.7812    8.6055
    0.0000  -37.5000  -45.0000 9763.5781    8.6059
    7.5000  -37.5000  -45.0000 9344.6670    8.6138
   -7.5000  -30.0000  -45.0000 9695.9580    8.5278
    0.0000  -30.0000  -45.000010135.1738    8.5314
    7.5000  -30.0000  -45.0000 9712.6924    8.5453
   -7.5000  -22.5000  -45.000010057.2559    8.4885
    0.0000  -22.5000  -45.000010516.8311    8.4951
    7.5000  -22.5000  -45.000010070.8125    8.5099
   -7.5000  -15.0000  -45.000010402.1738    8.4802
    0.0000  -15.0000  -45.000010877.3906    8.4860
    7.5000  -15.0000  -45.000010397.2500    8.4957
   -7.5000   -7.5000  -45.000010702.5537    8.5040
    0.0000   -7.5000  -45.000011177.7998    8.5058
    7.5000   -7.5000  -45.000010680.0430    8.5089
   -7.5000    0.0000  -45.000010917.3213    8.5308
    0.0000    0.0000  -45.000011380.9854    8.5300
    7.5000    0.0000  -45.000010880.3213    8.5317
   -7.5000    7.5000  -45.000010277.7607    8.5920
    0.0000    7.5000  -45.000010721.7266    8.5924
    7.5000    7.5000  -45.000010232.0977    8.6004
   -7.5000   15.0000  -45.0000 9764.9854    8.8319
    0.0000   15.0000  -45.000010205.2676    8.8357
    7.5000   15.0000  -45.0000 9719.5430    8.8515
   -7.5000   22.5000  -45.0000 9182.7480    9.1141
    0.0000   22.5000  -45.0000 9589.6836    9.1232
    7.5000   22.5000  -45.0000 9156.1729    9.1405
   -7.5000   30.0000  -45.0000 8595.9229    9.3257
    0.0000   30.0000  -45.0000 8978.2881    9.3329
    7.5000   30.0000  -45.0000 8586.6328    9.3446
   -7.5000   37.5000  -45.0000 8294.1592    9.6855
    0.0000   37.5000  -45.0000 8657.3096    9.6879
    7.5000   37.5000  -45.0000 8287.9990    9.6931
   -7.5000   45.0000  -45.0000 7674.7866    9.7902
    0.0000   45.0000  -45.0000 8003.6187    9.7895
    7.5000   45.0000  -45.0000 7669.4058    9.7972
   -7.5000  -45.0000  -37.5000 9591.4795    8.4950
    0.0000  -45.0000  -37.500010044.3174    8.4941
    7.5000  -45.0000  -37.5000 9625.4961    8.4960
   -7.5000  -37.5000  -37.5000 9831.7822    8.4903
    0.0000  -37.5000  -37.500010305.7656    8.4921
    7.5000  -37.5000  -37.5000 9848.5166    8.5016
   -7.5000  -30.0000  -37.500010218.7031    8.4153
    0.0000  -30.0000  -37.500010700.6611    8.4204
    7.5000  -30.0000  -37.500010240.9990    8.4359
   -7.5000  -22.5000  -37.500010599.1797    8.3799
    0.0000  -22.5000  -37.500011090.0723    8.3867
    7.5000  -22.5000  -37.500010627.7734    8.4012
   -7.5000  -15.0000  -37.500010975.0811    8.3735
    0.0000  -15.0000  -37.500011469.9043    8.3783
    7.5000  -15.0000  -37.500010969.9160    8.3863
   -7.5000   -7.5000  -37.500011290.6260    8.3953
    0.0000   -7.5000  -37.500011779.0830    8.3963
    7.5000   -7.5000  -37.500011246.0391    8.3979
   -7.5000    0.0000  -37.500011498.0918    8.4188
    0.0000    0.0000  -37.500011999.8281    8.4180
    7.5000    0.0000  -37.500011446.5264    8.4198
   -7.5000    7.5000  -37.500010818.7520    8.4768
    0.0000    7.5000  -37.500011289.8574    8.4786
    7.5000    7.5000  -37.500010773.6484    8.4883
   -7.5000   15.0000  -37.500010272.9873    8.7143
    0.0000   15.0000  -37.500010711.4502    8.7205
    7.5000   15.0000  -37.500010249.6934    8.7372
   -7.5000   22.5000  -37.5000 9643.0283    8.9943
    0.0000   22.5000  -37.500010049.7559    9.0044
    7.5000   22.5000  -37.5000 9626.7988    9.0213
   -7.5000   30.0000  -37.5000 9027.4600    9.2021
    0.0000   30.0000  -37.5000 9398.4268    9.2093
    7.5000   30.0000  -37.5000 9005.7314    9.2195
   -7.5000   37.5000  -37.5000 8717.8740    9.5565
    0.0000   37.5000  -37.5000 9059.7686    9.5592
    7.5000   37.5000  -37.5000 8700.8555    9.5629
   -7.5000   45.0000  -37.5000 8067.6924    9.6596
    0.0000   45.0000  -37.5000 8389.4688    9.6601
    7.5000   45.0000  -37.5000 8060.8608    9.6670
   -7.5000  -45.0000  -30.000010287.3438    8.7972
    0.0000  -45.0000  -30.000010750.9688    8.7976
    7.5000  -45.0000  -30.000010322.9268    8.8010
   -7.5000  -37.5000  -30.000010557.0127    8.7955
    0.0000  -37.5000  -30.000011044.0234    8.7998
    7.5000  -37.5000  -30.000010590.1162    8.8115
   -7.5000  -30.0000  -30.000011002.6084    8.7222
    0.0000  -30.0000  -30.000011499.9238    8.7296
    7.5000  -30.0000  -30.000011051.4600    8.7463
   -7.5000  -22.5000  -30.000011434.8408    8.6856
    0.0000  -22.5000  -30.000011949.0762    8.6932
    7.5000  -22.5000  -30.000011477.8740    8.7071
   -7.5000  -15.0000  -30.000011801.9121    8.6759
    0.0000  -15.0000  -30.000012346.3320    8.6803
    7.5000  -15.0000  -30.000011819.7900    8.6868
   -7.5000   -7.5000  -30.000012128.5693    8.6948
    0.0000   -7.5000  -30.000012675.8564    8.6956
    7.5000   -7.5000  -30.000012108.2412    8.6970
   -7.5000    0.0000  -30.000012337.2656    8.7186
    0.0000    0.0000  -30.000012891.8145    8.7189
    7.5000    0.0000  -30.000012297.0000    8.7222
   -7.5000    7.5000  -30.000011655.4307    8.7819
    0.0000    7.5000  -30.000012163.1660    8.7861
    7.5000    7.5000  -30.000011604.2422    8.7980
   -7.5000   15.0000  -30.000011070.4697    9.0326
    0.0000   15.0000  -30.000011531.4551    9.0413
    7.5000   15.0000  -30.000011027.3477    9.0590
   -7.5000   22.5000  -30.000010370.2705    9.3204
    0.0000   22.5000  -30.000010807.1621    9.3311
    7.5000   22.5000  -30.000010361.0781    9.3473
   -7.5000   30.0000  -30.0000 9674.3350    9.5301
    0.0000   30.0000  -30.000010076.0801    9.5374
    7.5000   30.0000  -30.0000 9648.5752    9.5466
   -7.5000   37.5000  -30.0000 9331.2939    9.8947
    0.0000   37.5000  -30.0000 9703.7705    9.8989
    7.5000   37.5000  -30.0000 9323.9180    9.9026
   -7.5000   45.0000  -30.0000 8670.8262   10.0118
    0.0000   45.0000  -30.0000 8999.8672   10.0155
    7.5000   45.0000  -30.0000 8657.5830   10.0232
   -7.5000  -45.0000  -22.500011043.4844    9.0800
    0.0000  -45.0000  -22.500011577.3369    9.0813
    7.5000  -45.0000  -22.500011112.4170    9.0843
   -7.5000  -37.5000  -22.500011369.5254    9.0825
    0.0000  -37.5000  -22.500011925.3223    9.0874
    7.5000  -37.5000  -22.500011425.6406    9.0968
   -7.5000  -30.0000  -22.500011840.2881    9.0103
    0.0000  -30.0000  -22.500012414.7959    9.0181
    7.5000  -30.0000  -22.500011909.7773    9.0312
   -7.5000  -22.5000  -22.500012301.7275    8.9699
    0.0000  -22.5000  -22.500012899.5400    8.9780
    7.5000  -22.5000  -22.500012359.9590    8.9890
   -7.5000  -15.0000  -22.500012691.5469    8.9553
    0.0000  -15.0000  -22.500013307.8086    8.9604
    7.5000  -15.0000  -22.500012700.9336    8.9657
   -7.5000   -7.5000  -22.500013041.9131    8.9726
    0.0000   -7.5000  -22.500013669.2334    8.9741
    7.5000   -7.5000  -22.500013025.1182    8.9755
   -7.5000    0.0000  -22.500013296.9785    8.9990
    0.0000    0.0000  -22.500013905.3213    9.0001
    7.5000    0.0000  -22.500013235.3564    9.0030
   -7.5000    7.5000  -22.500012585.5566    9.0690
    0.0000    7.5000  -22.500013132.7617    9.0739
    7.5000    7.5000  -22.500012508.8926    9.0832
   -7.5000   15.0000  -22.500011944.5518    9.3297
    0.0000   15.0000  -22.500012449.4941    9.3384
    7.5000   15.0000  -22.500011896.3955    9.3524
   -7.5000   22.5000  -22.500011178.2920    9.6229
    0.0000   22.5000  -22.500011648.7500    9.6331
    7.5000   22.5000  -22.500011155.5098    9.6460
   -7.5000   30.0000  -22.500010398.0459    9.8356
    0.0000   30.0000  -22.500010815.8467    9.8435
    7.5000   30.0000  -22.500010372.5996    9.8512
   -7.5000   37.5000  -22.500010006.5244   10.2078
    0.0000   37.5000  -22.500010402.9766   10.2133
    7.5000   37.5000  -22.500010014.9189   10.2173
   -7.5000   45.0000  -22.5000 9304.0156   10.3374
    0.0000   45.0000  -22.5000 9659.6787   10.3426
    7.5000   45.0000  -22.5000 9312.6191   10.3506
   -7.5000  -45.0000  -15.000011846.4688    9.3021
    0.0000  -45.0000  -15.000012429.7939    9.3039
    7.5000  -45.0000  -15.000011930.8760    9.3063
   -7.5000  -37.5000  -15.000012158.7803    9.3059
    0.0000  -37.5000  -15.000012768.0684    9.3095
    7.5000  -37.5000  -15.000012218.7861    9.3163
   -7.5000  -30.0000  -15.000012664.9902    9.2313
    0.0000  -30.0000  -15.000013301.1826    9.2376
    7.5000  -30.0000  -15.000012732.8506    9.2480
   -7.5000  -22.5000  -15.000013170.3018    9.1875
    0.0000  -22.5000  -15.000013828.9180    9.1955
    7.5000  -22.5000  -15.000013217.6934    9.2061
   -7.5000  -15.0000  -15.000013630.5957    9.1713
    0.0000  -15.0000  -15.000014309.1416    9.1779
    7.5000  -15.0000  -15.000013631.9160    9.1848
   -7.5000   -7.5000  -15.000014058.5820    9.1902
    0.0000   -7.5000  -15.000014767.8096    9.1933
    7.5000   -7.5000  -15.000014037.1025    9.1961
   -7.5000    0.0000  -15.000014348.3936    9.2193
    0.0000    0.0000  -15.000015092.4746    9.2210
    7.5000    0.0000  -15.000014326.8857    9.2234
   -7.5000    7.5000  -15.000013538.9629    9.2924
    0.0000    7.5000  -15.000014193.6748    9.2959
    7.5000    7.5000  -15.000013484.9951    9.3026
   -7.5000   15.0000  -15.000012825.5176    9.5562
    0.0000   15.0000  -15.000013429.2207    9.5626
    7.5000   15.0000  -15.000012786.3379    9.5743
   -7.5000   22.5000  -15.000012020.6846    9.8534
    0.0000   22.5000  -15.000012550.0547    9.8629
    7.5000   22.5000  -15.000011980.6338    9.8751
   -7.5000   30.0000  -15.000011182.4404   10.0731
    0.0000   30.0000  -15.000011660.6035   10.0819
    7.5000   30.0000  -15.000011157.3203   10.0907
   -7.5000   37.5000  -15.000010765.7998   10.4540
    0.0000   37.5000  -15.000011220.9902   10.4603
    7.5000   37.5000  -15.000010777.2412   10.4660
   -7.5000   45.0000  -15.000010008.0137   10.5920
    0.0000   45.0000  -15.000010441.6914   10.5969
    7.5000   45.0000  -15.000010020.0420   10.6057
   -7.5000  -45.0000   -7.500012676.5166    9.4304
    0.0000  -45.0000   -7.500013289.4365    9.4307
    7.5000  -45.0000   -7.500012793.8984    9.4321
   -7.5000  -37.5000   -7.500012952.5195    9.4303
    0.0000  -37.5000   -7.500013600.0781    9.4315
    7.5000  -37.5000   -7.500013044.7393    9.4376
   -7.5000  -30.0000   -7.500013476.3076    9.3496
    0.0000  -30.0000   -7.500014198.4375    9.3539
    7.5000  -30.0000   -7.500013586.9678    9.3653
   -7.5000  -22.5000   -7.500014057.4658    9.3052
    0.0000  -22.5000   -7.500014809.6201    9.3127
    7.5000  -22.5000   -7.500014153.3350    9.3257
   -7.5000  -15.0000   -7.500014645.8906    9.2927
    0.0000  -15.0000   -7.500015450.1279    9.2997
    7.5000  -15.0000   -7.500014704.6602    9.3090
   -7.5000   -7.5000   -7.500015233.2773    9.3163
    0.0000   -7.5000   -7.500016091.0293    9.3194
    7.5000   -7.5000   -7.500015282.0547    9.3228
   -7.5000    0.0000   -7.500015622.8936    9.3465
    0.0000    0.0000   -7.500016523.4180    9.3469
    7.5000    0.0000   -7.500015641.2354    9.3484
   -7.5000    7.5000   -7.500014716.2764    9.4163
    0.0000    7.5000   -7.500015537.4688    9.4175
    7.5000    7.5000   -7.500014711.3574    9.4236
   -7.5000   15.0000   -7.500013892.5010    9.6768
    0.0000   15.0000   -7.500014647.9443    9.6809
    7.5000   15.0000   -7.500013883.4717    9.6940
   -7.5000   22.5000   -7.500013032.4814    9.9766
    0.0000   22.5000   -7.500013725.6689    9.9859
    7.5000   22.5000   -7.500013006.1162   10.0007
   -7.5000   30.0000   -7.500012135.5654   10.2069
    0.0000   30.0000   -7.500012765.0400   10.2155
    7.5000   30.0000   -7.500012106.9912   10.2265
   -7.5000   37.5000   -7.500011722.9229   10.5975
    0.0000   37.5000   -7.500012295.6963   10.6020
    7.5000   37.5000   -7.500011704.1553   10.6084
   -7.5000   45.0000   -7.500010874.6309   10.7377
    0.0000   45.0000   -7.500011397.1416   10.7393
    7.5000   45.0000   -7.500010860.5830   10.7480
   -7.5000  -45.0000    0.000013399.0547    9.4609
    0.0000  -45.0000    0.000014062.9180    9.4596
    7.5000  -45.0000    0.000013547.2402    9.4604
   -7.5000  -37.5000    0.000013687.1973    9.4563
    0.0000  -37.5000    0.000014384.9600    9.4566
    7.5000  -37.5000    0.000013827.4648    9.4641
   -7.5000  -30.0000    0.000014259.7646    9.3711
    0.0000  -30.0000    0.000015041.6846    9.3753
    7.5000  -30.0000    0.000014445.2598    9.3896
   -7.5000  -22.5000    0.000014892.1367    9.3285
    0.0000  -22.5000    0.000015743.4961    9.3362
    7.5000  -22.5000    0.000015068.3076    9.3519
   -7.5000  -15.0000    0.000015642.3027    9.3203
    0.0000  -15.0000    0.000016616.3496    9.3272
    7.5000  -15.0000    0.000015810.5732    9.3376
   -7.5000   -7.5000    0.000016460.4727    9.3472
    0.0000   -7.5000    0.000017615.7090    9.3493
    7.5000   -7.5000    0.000016646.7637    9.3522
   -7.5000    0.0000    0.000016976.8516    9.3766
    0.0000    0.0000    0.000018196.8301    9.3755
    7.5000    0.0000    0.000017118.7598    9.3765
   -7.5000    7.5000    0.000015969.3223    9.4416
    0.0000    7.5000    0.000017121.6328    9.4420
    7.5000    7.5000    0.000016022.9385    9.4496
   -7.5000   15.0000    0.000014968.4238    9.6993
    0.0000   15.0000    0.000016025.4219    9.7038
    7.5000   15.0000    0.000014990.7373    9.7200
   -7.5000   22.5000    0.000014009.6191   10.0019
    0.0000   22.5000    0.000014928.1992   10.0124
    7.5000   22.5000    0.000014002.7949   10.0306
   -7.5000   30.0000    0.000013012.6846   10.2390
    0.0000   30.0000    0.000013807.4648   10.2475
    7.5000   30.0000    0.000012976.5762   10.2602
   -7.5000   37.5000    0.000012552.6523   10.6351
    0.0000   37.5000    0.000013258.8340   10.6380
    7.5000   37.5000    0.000012508.1182   10.6437
   -7.5000   45.0000    0.000011622.7334   10.7739
    0.0000   45.0000    0.000012256.4307   10.7731
    7.5000   45.0000    0.000011571.1963   10.7811
   -7.5000  -45.0000    7.500013111.0322    9.4504
    0.0000  -45.0000    7.500013789.1475    9.4496
    7.5000  -45.0000    7.500013286.7842    9.4518
   -7.5000  -37.5000    7.500013379.2305    9.4451
    0.0000  -37.5000    7.500014088.9170    9.4474
    7.5000  -37.5000    7.500013551.1826    9.4582
   -7.5000  -30.0000    7.500013970.4463    9.3614
    0.0000  -30.0000    7.500014797.0361    9.3677
    7.5000  -30.0000    7.500014173.0371    9.3852
   -7.5000  -22.5000    7.500014616.5410    9.3216
    0.0000  -22.5000    7.500015536.3320    9.3298
    7.5000  -22.5000    7.500014850.2002    9.3464
   -7.5000  -15.0000    7.500015438.6768    9.3145
    0.0000  -15.0000    7.500016574.9297    9.3204
    7.5000  -15.0000    7.500015698.6484    9.3298
   -7.5000   -7.5000    7.500016355.0146    9.3393
    0.0000   -7.5000    7.500017770.6367    9.3407
    7.5000   -7.5000    7.500016670.0957    9.3429
   -7.5000    0.0000    7.500016804.5703    9.3661
    0.0000    0.0000    7.500018297.0137    9.3654
    7.5000    0.0000    7.500017050.2949    9.3676
   -7.5000    7.5000    7.500015713.6729    9.4301
    0.0000    7.5000    7.500017107.0449    9.4325
    7.5000    7.5000    7.500015851.9180    9.4435
   -7.5000   15.0000    7.500014721.9414    9.6920
    0.0000   15.0000    7.500015940.7129    9.6995
    7.5000   15.0000    7.500014845.5254    9.7184
   -7.5000   22.5000    7.500013750.3867    9.9974
    0.0000   22.5000    7.500014826.6572   10.0094
    7.5000   22.5000    7.500013859.6523   10.0287
   -7.5000   30.0000    7.500012741.8691   10.2333
    0.0000   30.0000    7.500013681.6943   10.2420
    7.5000   30.0000    7.500012791.0615   10.2540
   -7.5000   37.5000    7.500012241.2969   10.6286
    0.0000   37.5000    7.500013050.0664   10.6320
    7.5000   37.5000    7.500012251.2207   10.6367
   -7.5000   45.0000    7.500011292.3604   10.7664
    0.0000   45.0000    7.500011983.2920   10.7674
    7.5000   45.0000    7.500011277.3516   10.7751
   -7.5000  -45.0000   15.000012651.7393    9.4302
    0.0000  -45.0000   15.000013379.5840    9.4308
    7.5000  -45.0000   15.000012852.8779    9.4344
   -7.5000  -37.5000   15.000012917.5234    9.4282
    0.0000  -37.5000   15.000013697.4209    9.4331
    7.5000  -37.5000   15.000013126.2520    9.4456
   -7.5000  -30.0000   15.000013522.6738    9.3498
    0.0000  -30.0000   15.000014419.4639    9.3581
    7.5000  -30.0000   15.000013778.0146    9.3760
   -7.5000  -22.5000   15.000014163.2900    9.3108
    0.0000  -22.5000   15.000015183.3096    9.3194
    7.5000  -22.5000   15.000014452.1826    9.3343
   -7.5000  -15.0000   15.000014883.7666    9.3005
    0.0000  -15.0000   15.000016145.4092    9.3055
    7.5000  -15.0000   15.000015233.5811    9.3126
   -7.5000   -7.5000   15.000015605.9170    9.3208
    0.0000   -7.5000   15.000017032.1719    9.3218
    7.5000   -7.5000   15.000015987.2383    9.3233
   -7.5000    0.0000   15.000015900.2539    9.3461
    0.0000    0.0000   15.000017368.2500    9.3465
    7.5000    0.0000   15.000016210.0918    9.3501
   -7.5000    7.5000   15.000014878.2402    9.4136
    0.0000    7.5000   15.000016221.3018    9.4185
    7.5000    7.5000   15.000015088.4395    9.4312
   -7.5000   15.0000   15.000014014.5010    9.6820
    0.0000   15.0000   15.000015197.9414    9.6918
    7.5000   15.0000   15.000014174.1719    9.7106
   -7.5000   22.5000   15.000013121.1289    9.9878
    0.0000   22.5000   15.000014204.9873    9.9998
    7.5000   22.5000   15.000013269.6113   10.0172
   -7.5000   30.0000   15.000012145.1016   10.2171
    0.0000   30.0000   15.000013094.3389   10.2255
    7.5000   30.0000   15.000012261.9727   10.2354
   -7.5000   37.5000   15.000011616.8467   10.6073
    0.0000   37.5000   15.000012444.7012   10.6120
    7.5000   37.5000   15.000011699.3740   10.6161
   -7.5000   45.0000   15.000010704.3740   10.7464
    0.0000   45.0000   15.000011406.9443   10.7505
    7.5000   45.0000   15.000010733.8838   10.7588
   -7.5000  -45.0000   22.500012096.6338    9.4558
    0.0000  -45.0000   22.500012811.9590    9.4566
    7.5000  -45.0000   22.500012294.8232    9.4599
   -7.5000  -37.5000   22.500012353.0547    9.4586
    0.0000  -37.5000   22.500013148.6201    9.4632
    7.5000  -37.5000   22.500012568.2910    9.4733
   -7.5000  -30.0000   22.500012929.6611    9.3830
    0.0000  -30.0000   22.500013866.9053    9.3905
    7.5000  -30.0000   22.500013175.6973    9.4046
   -7.5000  -22.5000   22.500013469.6162    9.3404
    0.0000  -22.5000   22.500014535.4873    9.3482
    7.5000  -22.5000   22.500013763.5811    9.3599
   -7.5000  -15.0000   22.500014010.1006    9.3249
    0.0000  -15.0000   22.500015232.9912    9.3297
    7.5000  -15.0000   22.500014368.3848    9.3353
   -7.5000   -7.5000   22.500014507.7656    9.3431
    0.0000   -7.5000   22.500015785.5576    9.3443
    7.5000   -7.5000   22.500014876.9199    9.3458
   -7.5000    0.0000   22.500014697.2637    9.3712
    0.0000    0.0000   22.500015991.6250    9.3718
    7.5000    0.0000   22.500015034.6904    9.3750
   -7.5000    7.5000   22.500013783.8428    9.4445
    0.0000    7.5000   22.500014946.2705    9.4490
    7.5000    7.5000   22.500014011.1699    9.4591
   -7.5000   15.0000   22.500013034.6084    9.7167
    0.0000   15.0000   22.500014073.8965    9.7250
    7.5000   15.0000   22.500013197.7109    9.7401
   -7.5000   22.5000   22.500012232.2363   10.0211
    0.0000   22.5000   22.500013177.2598   10.0310
    7.5000   22.5000   22.500012366.3691   10.0448
   -7.5000   30.0000   22.500011321.6006   10.2466
    0.0000   30.0000   22.500012172.6504   10.2542
    7.5000   30.0000   22.500011454.2559   10.2623
   -7.5000   37.5000   22.500010833.1816   10.6359
    0.0000   37.5000   22.500011596.1035   10.6410
    7.5000   37.5000   22.500010944.4561   10.6454
   -7.5000   45.0000   22.5000 9961.4287   10.7808
    0.0000   45.0000   22.500010640.5684   10.7856
    7.5000   45.0000   22.500010043.8398   10.7942
   -7.5000  -45.0000   30.000011492.3164    9.5803
    0.0000  -45.0000   30.000012207.0361    9.5818
    7.5000  -45.0000   30.000011695.1572    9.5839
   -7.5000  -37.5000   30.000011671.6113    9.5840
    0.0000  -37.5000   30.000012436.3125    9.5874
    7.5000  -37.5000   30.000011874.8252    9.5944
   -7.5000  -30.0000   30.000012154.4980    9.5054
    0.0000  -30.0000   30.000012983.4258    9.5115
    7.5000  -30.0000   30.000012353.9531    9.5224
   -7.5000  -22.5000   30.000012605.5010    9.4592
    0.0000  -22.5000   30.000013515.1836    9.4671
    7.5000  -22.5000   30.000012830.4951    9.4779
   -7.5000  -15.0000   30.000013043.0791    9.4424
    0.0000  -15.0000   30.000014049.3027    9.4489
    7.5000  -15.0000   30.000013323.0146    9.4555
   -7.5000   -7.5000   30.000013412.2969    9.4628
    0.0000   -7.5000   30.000014441.8672    9.4657
    7.5000   -7.5000   30.000013703.2412    9.4680
   -7.5000    0.0000   30.000013558.7881    9.4937
    0.0000    0.0000   30.000014598.2227    9.4951
    7.5000    0.0000   30.000013827.7168    9.4972
   -7.5000    7.5000   30.000012709.1182    9.5699
    0.0000    7.5000   30.000013644.8682    9.5732
    7.5000    7.5000   30.000012888.9004    9.5801
   -7.5000   15.0000   30.000011987.9199    9.8454
    0.0000   15.0000   30.000012837.5469    9.8515
    7.5000   15.0000   30.000012126.7822    9.8638
   -7.5000   22.5000   30.000011204.7939   10.1553
    0.0000   22.5000   30.000011965.3691   10.1647
    7.5000   22.5000   30.000011318.6299   10.1772
   -7.5000   30.0000   30.000010403.6240   10.3892
    0.0000   30.0000   30.000011093.5977   10.3979
    7.5000   30.0000   30.000010480.6465   10.4064
   -7.5000   37.5000   30.000010019.9219   10.7900
    0.0000   37.5000   30.000010676.6768   10.7960
    7.5000   37.5000   30.000010081.2607   10.8013
   -7.5000   45.0000   30.0000 9199.5303   10.9434
    0.0000   45.0000   30.0000 9783.6357   10.9480
    7.5000   45.0000   30.0000 9252.6787   10.9569
   -7.5000  -45.0000   37.500011254.6943    9.7994
    0.0000  -45.0000   37.500011864.6602    9.8002
    7.5000  -45.0000   37.500011390.4375    9.8014
   -7.5000  -37.5000   37.500011345.5947    9.7997
    0.0000  -37.5000   37.500011945.4209    9.8016
    7.5000  -37.5000   37.500011455.7031    9.8076
   -7.5000  -30.0000   37.500011765.6240    9.7129
    0.0000  -30.0000   37.500012409.3359    9.7180
    7.5000  -30.0000   37.500011885.5264    9.7295
   -7.5000  -22.5000   37.500012200.6035    9.6649
    0.0000  -22.5000   37.500012924.1846    9.6733
    7.5000  -22.5000   37.500012346.4766    9.6864
   -7.5000  -15.0000   37.500012578.0059    9.6509
    0.0000  -15.0000   37.500013410.2549    9.6587
    7.5000  -15.0000   37.500012774.3545    9.6680
   -7.5000   -7.5000   37.500012896.5898    9.6762
    0.0000   -7.5000   37.500013751.4619    9.6799
    7.5000   -7.5000   37.500013103.5771    9.6832
   -7.5000    0.0000   37.500013035.7520    9.7090
    0.0000    0.0000   37.500013899.0947    9.7099
    7.5000    0.0000   37.500013225.4287    9.7113
   -7.5000    7.5000   37.500012203.5215    9.7846
    0.0000    7.5000   37.500012996.7959    9.7864
    7.5000    7.5000   37.500012345.4199    9.7925
   -7.5000   15.0000   37.500011462.7100   10.0657
    0.0000   15.0000   37.500012193.5225   10.0707
    7.5000   15.0000   37.500011582.0264   10.0840
   -7.5000   22.5000   37.500010705.8330   10.3898
    0.0000   22.5000   37.500011356.7627   10.4003
    7.5000   22.5000   37.500010789.4785   10.4153
   -7.5000   30.0000   37.5000 9963.4404   10.6444
    0.0000   30.0000   37.500010552.1553   10.6540
    7.5000   30.0000   37.500010006.8896   10.6652
   -7.5000   37.5000   37.5000 9584.0791   11.0688
    0.0000   37.5000   37.500010159.3018   11.0743
    7.5000   37.5000   37.5000 9624.2646   11.0807
   -7.5000   45.0000   37.5000 8800.8438   11.2342
    0.0000   45.0000   37.5000 9317.2725   11.2366
    7.5000   45.0000   37.5000 8833.5498   11.2458
   -7.5000  -45.0000   45.000010445.9033    9.9972
    0.0000  -45.0000   45.000010905.5410    9.9952
    7.5000  -45.0000   45.000010472.4932    9.9964
   -7.5000  -37.5000   45.000010496.7656    9.9927
    0.0000  -37.5000   45.000010967.8965    9.9923
    7.5000  -37.5000   45.000010539.7842   10.0006
   -7.5000  -30.0000   45.000010878.7812    9.8977
    0.0000  -30.0000   45.000011393.2344    9.9015
    7.5000  -30.0000   45.000010949.6729    9.9171
   -7.5000  -22.5000   45.000011289.0391    9.8501
    0.0000  -22.5000   45.000011869.7148    9.8573
    7.5000  -22.5000   45.000011379.1846    9.8743
   -7.5000  -15.0000   45.000011607.0205    9.8403
    0.0000  -15.0000   45.000012256.4463    9.8466

---------------------------------------------------------------------
imgreg_4dfp /Users/uchidawataru/bin/freesurfer/average/711-2C_as_mni_average_305 /Users/uchidawataru/bin/freesurfer/average/711-2B_as_mni_average_305_mask talsrcimg_g11 none talsrcimg_to_711-2C_as_mni_average_305_t4 4355
---------------------------------------------------------------------

freesurfer imgreg_4dfp.c
/Users/uchidawataru/bin/freesurfer/average/711-2C_as_mni_average_305.4dfp.img
       256       256       256         1
  1.000000  1.000000  1.000000
orientation T byte_order littleendian
Reading image: /Users/uchidawataru/bin/freesurfer/average/711-2C_as_mni_average_305.4dfp.img
dimensions:      256       256       256
mmppix:       1.0000   -1.0000   -1.0000
center:     128.0000 -129.0000 -129.0000
/Users/uchidawataru/bin/freesurfer/average/711-2B_as_mni_average_305_mask.4dfp.img
       256       256       256         1
  1.000000  1.000000  1.000000
orientation T byte_order littleendian
Reading mask: /Users/uchidawataru/bin/freesurfer/average/711-2B_as_mni_average_305_mask.4dfp.img (2306576 pixels)
talsrcimg_g11.4dfp.img
       256       256       256         1
  1.000000  1.000000  1.000000
orientation T byte_order littleendian
Reading image: talsrcimg_g11.4dfp.img
dimensions:      256       256       256
mmppix:       1.0000   -1.0000   -1.0000
center:     128.0000 -129.0000 -129.0000
rotation matrix determinant  1.000000
image alignment mode   4355 decimal     1103 hex
   -7.5000  -45.0000  -37.5000 2428.0034   13.4063
    0.0000  -45.0000  -37.5000 2453.7939   13.2805
    7.5000  -45.0000  -37.5000 2441.7595   13.3298
   -7.5000  -37.5000  -37.5000 2457.0645   13.2614
    0.0000  -37.5000  -37.5000 2479.9458   13.1622
    7.5000  -37.5000  -37.5000 2465.9502   13.2175
   -7.5000  -30.0000  -37.5000 2482.7283   13.1301
    0.0000  -30.0000  -37.5000 2506.1919   13.0483
    7.5000  -30.0000  -37.5000 2488.7417   13.1161
   -7.5000  -22.5000  -37.5000 2508.9124   13.0388
    0.0000  -22.5000  -37.5000 2527.2097   12.9564
    7.5000  -22.5000  -37.5000 2510.5667   13.0311
   -7.5000  -15.0000  -37.5000 2530.0513   13.1017
    0.0000  -15.0000  -37.5000 2548.8779   12.9649
    7.5000  -15.0000  -37.5000 2529.6016   13.0147
   -7.5000   -7.5000  -37.5000 2550.5132   13.1808
    0.0000   -7.5000  -37.5000 2556.3962   13.0527
    7.5000   -7.5000  -37.5000 2537.4587   13.1124
   -7.5000    0.0000  -37.5000 2561.0327   13.3642
    0.0000    0.0000  -37.5000 2572.3213   13.2412
    7.5000    0.0000  -37.5000 2547.8831   13.3372
   -7.5000    7.5000  -37.5000 2552.8982   13.5424
    0.0000    7.5000  -37.5000 2562.7522   13.4547
    7.5000    7.5000  -37.5000 2544.3611   13.5676
   -7.5000   15.0000  -37.5000 2543.2659   13.8566
    0.0000   15.0000  -37.5000 2548.6555   13.7585
    7.5000   15.0000  -37.5000 2535.9695   13.8814
   -7.5000   22.5000  -37.5000 2518.5449   14.3326
    0.0000   22.5000  -37.5000 2528.3442   14.2274
    7.5000   22.5000  -37.5000 2511.8115   14.4022
   -7.5000   30.0000  -37.5000 2469.4922   15.0041
    0.0000   30.0000  -37.5000 2478.5452   14.9280
    7.5000   30.0000  -37.5000 2464.1956   15.0440
   -7.5000   37.5000  -37.5000 2401.9280   15.8543
    0.0000   37.5000  -37.5000 2407.9180   15.7911
    7.5000   37.5000  -37.5000 2391.9043   15.9033
   -7.5000   45.0000  -37.5000 2305.8489   16.9397
    0.0000   45.0000  -37.5000 2312.7737   16.8796
    7.5000   45.0000  -37.5000 2295.6587   17.0127
   -7.5000  -45.0000  -30.0000 2550.2336   12.8979
    0.0000  -45.0000  -30.0000 2570.2200   12.7723
    7.5000  -45.0000  -30.0000 2559.4580   12.8274
   -7.5000  -37.5000  -30.0000 2579.8145   12.7730
    0.0000  -37.5000  -30.0000 2598.2922   12.6554
    7.5000  -37.5000  -30.0000 2584.7605   12.7221
   -7.5000  -30.0000  -30.0000 2609.3401   12.6445
    0.0000  -30.0000  -30.0000 2621.1479   12.5328
    7.5000  -30.0000  -30.0000 2609.1372   12.6140
   -7.5000  -22.5000  -30.0000 2631.4958   12.5722
    0.0000  -22.5000  -30.0000 2642.3240   12.4503
    7.5000  -22.5000  -30.0000 2628.1494   12.5342
   -7.5000  -15.0000  -30.0000 2645.4922   12.5511
    0.0000  -15.0000  -30.0000 2663.5854   12.4303
    7.5000  -15.0000  -30.0000 2650.5388   12.4806
   -7.5000   -7.5000  -30.0000 2661.7732   12.6327
    0.0000   -7.5000  -30.0000 2670.7451   12.4921
    7.5000   -7.5000  -30.0000 2659.1797   12.5629
   -7.5000    0.0000  -30.0000 2668.9373   12.7337
    0.0000    0.0000  -30.0000 2679.3452   12.6290
    7.5000    0.0000  -30.0000 2663.2539   12.6829
   -7.5000    7.5000  -30.0000 2681.7832   12.9319
    0.0000    7.5000  -30.0000 2690.6956   12.8359
    7.5000    7.5000  -30.0000 2673.0896   12.9420
   -7.5000   15.0000  -30.0000 2674.7271   13.2568
    0.0000   15.0000  -30.0000 2679.3923   13.1344
    7.5000   15.0000  -30.0000 2665.5352   13.2794
   -7.5000   22.5000  -30.0000 2646.6626   13.7188
    0.0000   22.5000  -30.0000 2656.7676   13.5845
    7.5000   22.5000  -30.0000 2646.2261   13.7768
   -7.5000   30.0000  -30.0000 2595.5710   14.4009
    0.0000   30.0000  -30.0000 2606.7588   14.3019
    7.5000   30.0000  -30.0000 2591.8516   14.4437
   -7.5000   37.5000  -30.0000 2525.4805   15.2572
    0.0000   37.5000  -30.0000 2539.7244   15.1774
    7.5000   37.5000  -30.0000 2524.3621   15.3048
   -7.5000   45.0000  -30.0000 2435.4529   16.3301
    0.0000   45.0000  -30.0000 2443.9128   16.2448
    7.5000   45.0000  -30.0000 2427.0569   16.3841
   -7.5000  -45.0000  -22.5000 2642.4856   12.3983
    0.0000  -45.0000  -22.5000 2665.1553   12.2519
    7.5000  -45.0000  -22.5000 2653.8130   12.2926
   -7.5000  -37.5000  -22.5000 2676.3984   12.3299
    0.0000  -37.5000  -22.5000 2694.5938   12.1587
    7.5000  -37.5000  -22.5000 2682.4517   12.2195
   -7.5000  -30.0000  -22.5000 2697.0051   12.2090
    0.0000  -30.0000  -22.5000 2712.8020   12.0645
    7.5000  -30.0000  -22.5000 2703.9888   12.1403
   -7.5000  -22.5000  -22.5000 2711.0120   12.1228
    0.0000  -22.5000  -22.5000 2730.3164   12.0085
    7.5000  -22.5000  -22.5000 2721.6536   12.0667
   -7.5000  -15.0000  -22.5000 2722.7573   12.0756
    0.0000  -15.0000  -22.5000 2742.3127   11.9341
    7.5000  -15.0000  -22.5000 2731.1833   11.9999
   -7.5000   -7.5000  -22.5000 2733.9363   12.0584
    0.0000   -7.5000  -22.5000 2749.2986   11.9052
    7.5000   -7.5000  -22.5000 2738.1650   11.9623
   -7.5000    0.0000  -22.5000 2744.9885   12.1016
    0.0000    0.0000  -22.5000 2754.6084   11.9512
    7.5000    0.0000  -22.5000 2740.1287   12.0337
   -7.5000    7.5000  -22.5000 2763.9980   12.2697
    0.0000    7.5000  -22.5000 2773.5342   12.1139
    7.5000    7.5000  -22.5000 2756.1919   12.2182
   -7.5000   15.0000  -22.5000 2763.3909   12.6030
    0.0000   15.0000  -22.5000 2771.2864   12.4410
    7.5000   15.0000  -22.5000 2757.5171   12.6102
   -7.5000   22.5000  -22.5000 2735.6653   13.0854
    0.0000   22.5000  -22.5000 2746.1416   12.9249
    7.5000   22.5000  -22.5000 2735.2917   13.1317
   -7.5000   30.0000  -22.5000 2685.0310   13.7758
    0.0000   30.0000  -22.5000 2695.9397   13.6481
    7.5000   30.0000  -22.5000 2686.8403   13.8382
   -7.5000   37.5000  -22.5000 2618.9526   14.6457
    0.0000   37.5000  -22.5000 2632.3940   14.5175
    7.5000   37.5000  -22.5000 2624.9663   14.6918
   -7.5000   45.0000  -22.5000 2529.1499   15.7192
    0.0000   45.0000  -22.5000 2537.1558   15.5729
    7.5000   45.0000  -22.5000 2528.8020   15.7756
   -7.5000  -45.0000  -15.0000 2695.1169   11.9908
    0.0000  -45.0000  -15.0000 2718.2974   11.8232
    7.5000  -45.0000  -15.0000 2713.0767   11.8441
   -7.5000  -37.5000  -15.0000 2718.9458   11.9016
    0.0000  -37.5000  -15.0000 2740.6006   11.7391
    7.5000  -37.5000  -15.0000 2733.2554   11.7423
   -7.5000  -30.0000  -15.0000 2737.4148   11.7986
    0.0000  -30.0000  -15.0000 2752.1489   11.6803
    7.5000  -30.0000  -15.0000 2750.6655   11.7021
   -7.5000  -22.5000  -15.0000 2752.1772   11.7467
    0.0000  -22.5000  -15.0000 2761.9243   11.6131
    7.5000  -22.5000  -15.0000 2763.0264   11.6542
   -7.5000  -15.0000  -15.0000 2760.9783   11.6962
    0.0000  -15.0000  -15.0000 2776.2004   11.5755
    7.5000  -15.0000  -15.0000 2768.5540   11.5899
   -7.5000   -7.5000  -15.0000 2772.2190   11.6337
    0.0000   -7.5000  -15.0000 2780.3530   11.5048
    7.5000   -7.5000  -15.0000 2772.9563   11.5202
   -7.5000    0.0000  -15.0000 2784.1169   11.6001
    0.0000    0.0000  -15.0000 2788.8074   11.4732
    7.5000    0.0000  -15.0000 2780.2493   11.5351
   -7.5000    7.5000  -15.0000 2801.4346   11.7124
    0.0000    7.5000  -15.0000 2800.6191   11.5702
    7.5000    7.5000  -15.0000 2795.2061   11.6777
   -7.5000   15.0000  -15.0000 2803.9658   12.0486
    0.0000   15.0000  -15.0000 2809.6980   11.9094
    7.5000   15.0000  -15.0000 2796.6924   12.0581
   -7.5000   22.5000  -15.0000 2784.4373   12.5490
    0.0000   22.5000  -15.0000 2793.5715   12.4328
    7.5000   22.5000  -15.0000 2783.7822   12.6269
   -7.5000   30.0000  -15.0000 2741.7959   13.2741
    0.0000   30.0000  -15.0000 2746.0176   13.1722
    7.5000   30.0000  -15.0000 2740.9006   13.3394
   -7.5000   37.5000  -15.0000 2677.9304   14.1859
    0.0000   37.5000  -15.0000 2683.7534   14.0624
    7.5000   37.5000  -15.0000 2683.8911   14.2324
   -7.5000   45.0000  -15.0000 2585.3738   15.2844
    0.0000   45.0000  -15.0000 2598.7175   15.1506
    7.5000   45.0000  -15.0000 2591.7600   15.3212
   -7.5000  -45.0000   -7.5000 2734.1050   11.6024
    0.0000  -45.0000   -7.5000 2750.6812   11.4479
    7.5000  -45.0000   -7.5000 2748.9102   11.4440
   -7.5000  -37.5000   -7.5000 2752.0718   11.5083
    0.0000  -37.5000   -7.5000 2763.2065   11.3613
    7.5000  -37.5000   -7.5000 2761.5535   11.3650
   -7.5000  -30.0000   -7.5000 2758.8157   11.4255
    0.0000  -30.0000   -7.5000 2771.9370   11.3285
    7.5000  -30.0000   -7.5000 2773.2083   11.3248
   -7.5000  -22.5000   -7.5000 2774.9370   11.4175
    0.0000  -22.5000   -7.5000 2781.9373   11.3253
    7.5000  -22.5000   -7.5000 2784.5593   11.3048
   -7.5000  -15.0000   -7.5000 2783.5508   11.4379
    0.0000  -15.0000   -7.5000 2790.4502   11.3574
    7.5000  -15.0000   -7.5000 2789.0967   11.3086
   -7.5000   -7.5000   -7.5000 2793.0437   11.4396
    0.0000   -7.5000   -7.5000 2801.3657   11.3604
    7.5000   -7.5000   -7.5000 2795.6521   11.3200
   -7.5000    0.0000   -7.5000 2796.3164   11.3748
    0.0000    0.0000   -7.5000 2798.7090   11.3128
    7.5000    0.0000   -7.5000 2790.9131   11.3200
   -7.5000    7.5000   -7.5000 2807.2583   11.4461
    0.0000    7.5000   -7.5000 2808.0396   11.3962
    7.5000    7.5000   -7.5000 2805.6624   11.4325
   -7.5000   15.0000   -7.5000 2816.0889   11.6669
    0.0000   15.0000   -7.5000 2819.4946   11.6096
    7.5000   15.0000   -7.5000 2814.7881   11.7199
   -7.5000   22.5000   -7.5000 2812.0325   12.2137
    0.0000   22.5000   -7.5000 2816.9199   12.1135
    7.5000   22.5000   -7.5000 2809.5798   12.2550
   -7.5000   30.0000   -7.5000 2776.8953   12.9771
    0.0000   30.0000   -7.5000 2787.4661   12.8991
    7.5000   30.0000   -7.5000 2777.3730   13.0207
   -7.5000   37.5000   -7.5000 2719.7173   13.9482
    0.0000   37.5000   -7.5000 2725.9824   13.8202
    7.5000   37.5000   -7.5000 2723.8826   13.9570
   -7.5000   45.0000   -7.5000 2629.2476   15.0476
    0.0000   45.0000   -7.5000 2642.6643   14.9190
    7.5000   45.0000   -7.5000 2633.9453   15.0819
   -7.5000  -45.0000    0.0000 2756.7305   11.2444
    0.0000  -45.0000    0.0000 2763.8164   11.1109
    7.5000  -45.0000    0.0000 2759.7429   11.0668
   -7.5000  -37.5000    0.0000 2772.4553   11.1839
    0.0000  -37.5000    0.0000 2779.5901   11.0750
    7.5000  -37.5000    0.0000 2776.5596   11.0535
   -7.5000  -30.0000    0.0000 2782.8530   11.1770
    0.0000  -30.0000    0.0000 2788.0454   11.0980
    7.5000  -30.0000    0.0000 2791.7620   11.0850
   -7.5000  -22.5000    0.0000 2791.4460   11.2427
    0.0000  -22.5000    0.0000 2792.3511   11.1655
    7.5000  -22.5000    0.0000 2792.0857   11.1228
   -7.5000  -15.0000    0.0000 2795.2764   11.3785
    0.0000  -15.0000    0.0000 2797.3455   11.3539
    7.5000  -15.0000    0.0000 2795.7566   11.2756
   -7.5000   -7.5000    0.0000 2807.6743   11.5111
    0.0000   -7.5000    0.0000 2820.5347   11.6017
    7.5000   -7.5000    0.0000 2814.3594   11.4541
   -7.5000    0.0000    0.0000 2807.6287   11.4932
    0.0000    0.0000    0.0000 2824.4753   11.6151
    7.5000    0.0000    0.0000 2806.3540   11.4950
   -7.5000    7.5000    0.0000 2808.4165   11.4541
    0.0000    7.5000    0.0000 2825.1631   11.5492
    7.5000    7.5000    0.0000 2805.2202   11.5059
   -7.5000   15.0000    0.0000 2810.1797   11.6003
    0.0000   15.0000    0.0000 2828.2556   11.6130
    7.5000   15.0000    0.0000 2806.5581   11.6408
   -7.5000   22.5000    0.0000 2820.7200   12.0740
    0.0000   22.5000    0.0000 2833.5210   12.0327
    7.5000   22.5000    0.0000 2821.6450   12.0892
   -7.5000   30.0000    0.0000 2797.5042   12.8542
    0.0000   30.0000    0.0000 2810.7822   12.7842
    7.5000   30.0000    0.0000 2801.1780   12.8677
   -7.5000   37.5000    0.0000 2745.3557   13.8605
    0.0000   37.5000    0.0000 2755.8572   13.7749
    7.5000   37.5000    0.0000 2747.3311   13.8486
   -7.5000   45.0000    0.0000 2659.3552   15.0084
    0.0000   45.0000    0.0000 2674.3997   14.9096
    7.5000   45.0000    0.0000 2660.1467   15.0037
   -7.5000  -45.0000    7.5000 2770.6836   10.9222
    0.0000  -45.0000    7.5000 2769.5244   10.7847
    7.5000  -45.0000    7.5000 2768.9128   10.7427
   -7.5000  -37.5000    7.5000 2779.9465   10.9206
    0.0000  -37.5000    7.5000 2776.2783   10.8163
    7.5000  -37.5000    7.5000 2777.7568   10.8031
   -7.5000  -30.0000    7.5000 2788.4058   10.9843
    0.0000  -30.0000    7.5000 2791.0027   10.9500
    7.5000  -30.0000    7.5000 2792.8098   10.9290
   -7.5000  -22.5000    7.5000 2790.6299   11.1775
    0.0000  -22.5000    7.5000 2795.8884   11.1983
    7.5000  -22.5000    7.5000 2796.9043   11.1514
   -7.5000  -15.0000    7.5000 2801.0840   11.4689
    0.0000  -15.0000    7.5000 2816.2356   11.5717
    7.5000  -15.0000    7.5000 2810.9231   11.4570
   -7.5000   -7.5000    7.5000 2820.4290   11.7687
    0.0000   -7.5000    7.5000 2860.0894   12.0167
    7.5000   -7.5000    7.5000 2839.6609   11.7759
   -7.5000    0.0000    7.5000 2816.5771   11.7516
    0.0000    0.0000    7.5000 2862.9277   12.0540
    7.5000    0.0000    7.5000 2823.0315   11.8052
   -7.5000    7.5000    7.5000 2808.7783   11.6157
    0.0000    7.5000    7.5000 2836.0271   11.7727
    7.5000    7.5000    7.5000 2804.7830   11.6723
   -7.5000   15.0000    7.5000 2815.8389   11.7128
    0.0000   15.0000    7.5000 2831.8621   11.7895
    7.5000   15.0000    7.5000 2812.6753   11.7727
   -7.5000   22.5000    7.5000 2821.5710   12.1659
    0.0000   22.5000    7.5000 2841.1128   12.1730
    7.5000   22.5000    7.5000 2823.1069   12.1895
   -7.5000   30.0000    7.5000 2797.7720   12.9716
    0.0000   30.0000    7.5000 2821.4290   12.9417
    7.5000   30.0000    7.5000 2799.4275   12.9642
   -7.5000   37.5000    7.5000 2747.7922   13.9729
    0.0000   37.5000    7.5000 2762.7051   13.9408
    7.5000   37.5000    7.5000 2744.2434   13.9416
   -7.5000   45.0000    7.5000 2665.5071   15.1211
    0.0000   45.0000    7.5000 2684.5225   15.0712
    7.5000   45.0000    7.5000 2665.5225   15.0776
   -7.5000  -45.0000   15.0000 2771.6658   10.7217
    0.0000  -45.0000   15.0000 2773.1614   10.6291
    7.5000  -45.0000   15.0000 2772.3401   10.6157
   -7.5000  -37.5000   15.0000 2782.8992   10.8156
    0.0000  -37.5000   15.0000 2776.8066   10.7573
    7.5000  -37.5000   15.0000 2779.8557   10.7431
   -7.5000  -30.0000   15.0000 2792.8230   10.9785
    0.0000  -30.0000   15.0000 2793.7468   11.0076
    7.5000  -30.0000   15.0000 2791.4988   10.9862
   -7.5000  -22.5000   15.0000 2801.3660   11.2683
    0.0000  -22.5000   15.0000 2817.7803   11.3770
    7.5000  -22.5000   15.0000 2811.7917   11.3222
   -7.5000  -15.0000   15.0000 2809.4907   11.5869
    0.0000  -15.0000   15.0000 2846.0796   11.7984
    7.5000  -15.0000   15.0000 2828.5630   11.6770
   -7.5000   -7.5000   15.0000 2819.4585   11.8658
    0.0000   -7.5000   15.0000 2868.6086   12.1737
    7.5000   -7.5000   15.0000 2836.6528   11.9394
   -7.5000    0.0000   15.0000 2804.8579   11.8671
    0.0000    0.0000   15.0000 2838.8796   12.1398
    7.5000    0.0000   15.0000 2808.0767   11.9598
   -7.5000    7.5000   15.0000 2815.4011   11.8469
    0.0000    7.5000   15.0000 2838.4714   12.0268
    7.5000    7.5000   15.0000 2812.1599   11.8704
   -7.5000   15.0000   15.0000 2825.0205   11.9800
    0.0000   15.0000   15.0000 2847.5464   12.0832
    7.5000   15.0000   15.0000 2820.4360   12.0283
   -7.5000   22.5000   15.0000 2829.6506   12.4746
    0.0000   22.5000   15.0000 2849.9141   12.4677
    7.5000   22.5000   15.0000 2828.7700   12.4973
   -7.5000   30.0000   15.0000 2796.1736   13.3149
    0.0000   30.0000   15.0000 2812.0452   13.2609
    7.5000   30.0000   15.0000 2794.2529   13.3001
   -7.5000   37.5000   15.0000 2730.9788   14.3382
    0.0000   37.5000   15.0000 2745.4412   14.2836
    7.5000   37.5000   15.0000 2726.2449   14.2792
   -7.5000   45.0000   15.0000 2649.4443   15.4820
    0.0000   45.0000   15.0000 2665.6162   15.4246
    7.5000   45.0000   15.0000 2651.2434   15.4348
   -7.5000  -45.0000   22.5000 2779.3398   10.7486
    0.0000  -45.0000   22.5000 2781.3252   10.7271
    7.5000  -45.0000   22.5000 2784.1284   10.7393
   -7.5000  -37.5000   22.5000 2797.7107   10.9276
    0.0000  -37.5000   22.5000 2799.7920   10.9689
    7.5000  -37.5000   22.5000 2800.6460   10.9628
   -7.5000  -30.0000   22.5000 2812.4485   11.1678
    0.0000  -30.0000   22.5000 2827.3230   11.2688
    7.5000  -30.0000   22.5000 2815.6570   11.2300
   -7.5000  -22.5000   22.5000 2814.3027   11.4236
    0.0000  -22.5000   22.5000 2838.9700   11.5759
    7.5000  -22.5000   22.5000 2821.9551   11.5091
   -7.5000  -15.0000   22.5000 2817.4448   11.6911
    0.0000  -15.0000   22.5000 2841.6047   11.9078
    7.5000  -15.0000   22.5000 2826.8728   11.8171
   -7.5000   -7.5000   22.5000 2816.9856   11.9070
    0.0000   -7.5000   22.5000 2843.9829   12.1614
    7.5000   -7.5000   22.5000 2821.3926   11.9932
   -7.5000    0.0000   22.5000 2802.9448   11.9437
    0.0000    0.0000   22.5000 2822.2144   12.0913
    7.5000    0.0000   22.5000 2801.5635   11.9773
   -7.5000    7.5000   22.5000 2813.2539   12.0140
    0.0000    7.5000   22.5000 2837.2969   12.1256
    7.5000    7.5000   22.5000 2807.7468   12.0150
   -7.5000   15.0000   22.5000 2823.5901   12.3209
    0.0000   15.0000   22.5000 2845.2444   12.3604
    7.5000   15.0000   22.5000 2816.2715   12.3334
   -7.5000   22.5000   22.5000 2822.9121   12.8953
    0.0000   22.5000   22.5000 2840.2617   12.8965
    7.5000   22.5000   22.5000 2815.9138   12.8933
   -7.5000   30.0000   22.5000 2781.2554   13.7215
    0.0000   30.0000   22.5000 2795.0120   13.7114
    7.5000   30.0000   22.5000 2776.1646   13.7220
   -7.5000   37.5000   22.5000 2708.4460   14.8192
    0.0000   37.5000   22.5000 2729.7329   14.7659
    7.5000   37.5000   22.5000 2707.1028   14.7637
   -7.5000   45.0000   22.5000 2616.2593   16.0241
    0.0000   45.0000   22.5000 2643.2144   15.9357
    7.5000   45.0000   22.5000 2621.8174   15.9739
   -7.5000  -45.0000   30.0000 2783.6348   11.0186
    0.0000  -45.0000   30.0000 2801.6003   11.0600
    7.5000  -45.0000   30.0000 2801.3899   11.0282
   -7.5000  -37.5000   30.0000 2797.2402   11.1944
    0.0000  -37.5000   30.0000 2814.0381   11.2711
    7.5000  -37.5000   30.0000 2810.6604   11.2360
   -7.5000  -30.0000   30.0000 2805.9333   11.3814
    0.0000  -30.0000   30.0000 2820.3213   11.4839
    7.5000  -30.0000   30.0000 2811.9678   11.4398
   -7.5000  -22.5000   30.0000 2808.1160   11.6066
    0.0000  -22.5000   30.0000 2822.8010   11.7205
    7.5000  -22.5000   30.0000 2811.0518   11.6681
   -7.5000  -15.0000   30.0000 2809.6960   11.8540
    0.0000  -15.0000   30.0000 2821.4670   11.9917
    7.5000  -15.0000   30.0000 2812.0588   11.9147
   -7.5000   -7.5000   30.0000 2802.2571   12.0220
    0.0000   -7.5000   30.0000 2812.2622   12.1280
    7.5000   -7.5000   30.0000 2807.3328   12.0711
   -7.5000    0.0000   30.0000 2793.1809   12.0579
    0.0000    0.0000   30.0000 2806.1448   12.1221
    7.5000    0.0000   30.0000 2789.8079   12.0771
   -7.5000    7.5000   30.0000 2799.7673   12.2438
    0.0000    7.5000   30.0000 2820.8530   12.2726
    7.5000    7.5000   30.0000 2794.4712   12.2274
   -7.5000   15.0000   30.0000 2797.8792   12.6369
    0.0000   15.0000   30.0000 2817.6958   12.6499
    7.5000   15.0000   30.0000 2790.9814   12.6272
   -7.5000   22.5000   30.0000 2776.0078   13.2493
    0.0000   22.5000   30.0000 2792.5610   13.2188
    7.5000   22.5000   30.0000 2770.7056   13.2427
   -7.5000   30.0000   30.0000 2734.8877   14.1294
    0.0000   30.0000   30.0000 2752.5781   14.1106
    7.5000   30.0000   30.0000 2727.6848   14.1163
   -7.5000   37.5000   30.0000 2675.8650   15.3395
    0.0000   37.5000   30.0000 2700.2102   15.2786
    7.5000   37.5000   30.0000 2672.7964   15.2735
   -7.5000   45.0000   30.0000 2573.5603   16.6819
    0.0000   45.0000   30.0000 2593.8630   16.5704
    7.5000   45.0000   30.0000 2579.7720   16.6113
   -7.5000  -45.0000   37.5000 2787.5662   11.3489
    0.0000  -45.0000   37.5000 2793.5984   11.2704
    7.5000  -45.0000   37.5000 2794.2021   11.2363
   -7.5000  -37.5000   37.5000 2788.9409   11.4610
    0.0000  -37.5000   37.5000 2788.6113   11.4412
    7.5000  -37.5000   37.5000 2790.4883   11.4098
   -7.5000  -30.0000   37.5000 2787.7886   11.6151
    0.0000  -30.0000   37.5000 2783.0593   11.6337
    7.5000  -30.0000   37.5000 2784.7622   11.6061
   -7.5000  -22.5000   37.5000 2794.7380   11.8361
    0.0000  -22.5000   37.5000 2791.1482   11.8766
    7.5000  -22.5000   37.5000 2787.4036   11.8448
   -7.5000  -15.0000   37.5000 2786.3579   12.0498
    0.0000  -15.0000   37.5000 2792.0850   12.0956
    7.5000  -15.0000   37.5000 2789.0164   12.0743
   -7.5000   -7.5000   37.5000 2773.6853   12.2108
    0.0000   -7.5000   37.5000 2779.2971   12.2201
    7.5000   -7.5000   37.5000 2773.3325   12.2191
   -7.5000    0.0000   37.5000 2767.6736   12.3379
    0.0000    0.0000   37.5000 2780.4182   12.3331
    7.5000    0.0000   37.5000 2759.9702   12.3238
   -7.5000    7.5000   37.5000 2771.8198   12.5891
    0.0000    7.5000   37.5000 2793.3049   12.5618
    7.5000    7.5000   37.5000 2767.1113   12.5857
   -7.5000   15.0000   37.5000 2754.5396   13.0178
    0.0000   15.0000   37.5000 2779.3848   13.0124
    7.5000   15.0000   37.5000 2753.5027   13.0398
   -7.5000   22.5000   37.5000 2723.2849   13.6957
    0.0000   22.5000   37.5000 2742.5422   13.6762
    7.5000   22.5000   37.5000 2723.6802   13.7407
   -7.5000   30.0000   37.5000 2676.1121   14.6353
    0.0000   30.0000   37.5000 2693.6614   14.5948
    7.5000   30.0000   37.5000 2674.5911   14.6384
   -7.5000   37.5000   37.5000 2614.0171   15.8853
    0.0000   37.5000   37.5000 2636.3652   15.8134
    7.5000   37.5000   37.5000 2614.3569   15.8341
   -7.5000   45.0000   37.5000 2512.4006   17.3602
    0.0000   45.0000   37.5000 2530.1206   17.2575
    7.5000   45.0000   37.5000 2513.8706   17.2736
   -7.5000  -45.0000   45.0000 2764.3635   11.6609
    0.0000  -45.0000   45.0000 2760.8157   11.4414
    7.5000  -45.0000   45.0000 2756.7205   11.4434
   -7.5000  -37.5000   45.0000 2761.2361   11.7533
    0.0000  -37.5000   45.0000 2751.8030   11.5687
    7.5000  -37.5000   45.0000 2751.6570   11.5956
   -7.5000  -30.0000   45.0000 2755.8984   11.8678
    0.0000  -30.0000   45.0000 2742.7725   11.7644
    7.5000  -30.0000   45.0000 2744.8931   11.7827
   -7.5000  -22.5000   45.0000 2761.4756   12.0598
    0.0000  -22.5000   45.0000 2753.9551   12.0020
    7.5000  -22.5000   45.0000 2752.0942   12.0232
   -7.5000  -15.0000   45.0000 2753.2612   12.2763
    0.0000  -15.0000   45.0000 2750.2288   12.2157
    7.5000  -15.0000   45.0000 2748.1360   12.2610
   -7.5000   -7.5000   45.0000 2741.9175   12.5037
    0.0000   -7.5000   45.0000 2739.7563   12.4384
    7.5000   -7.5000   45.0000 2737.6016   12.4872
   -7.5000    0.0000   45.0000 2726.6084   12.7190
    0.0000    0.0000   45.0000 2731.4121   12.6549
    7.5000    0.0000   45.0000 2722.6062   12.7137
   -7.5000    7.5000   45.0000 2721.0225   13.0613
    0.0000    7.5000   45.0000 2734.4941   12.9684
    7.5000    7.5000   45.0000 2715.8096   13.0472
   -7.5000   15.0000   45.0000 2701.0115   13.5555
    0.0000   15.0000   45.0000 2717.9656   13.4982
    7.5000   15.0000   45.0000 2699.5000   13.5816
   -7.5000   22.5000   45.0000 2661.9250   14.3215
    0.0000   22.5000   45.0000 2683.4158   14.2587
    7.5000   22.5000   45.0000 2667.7407   14.3551
   -7.5000   30.0000   45.0000 2603.3843   15.3241
    0.0000   30.0000   45.0000 2624.9722   15.2332
    7.5000   30.0000   45.0000 2608.8335   15.3396
   -7.5000   37.5000   45.0000 2527.7024   16.5994
    0.0000   37.5000   45.0000 2548.8232   16.4833
    7.5000   37.5000   45.0000 2536.3137   16.5434
   -7.5000   45.0000   45.0000 2424.4231   18.1243
    0.0000   45.0000   45.0000 2438.7073   17.9777
    7.5000   45.0000   45.0000 2420.1523   17.9953
   -7.5000  -45.0000   52.5000 2714.7900   12.0572
    0.0000  -45.0000   52.5000 2706.9724   11.7486
    7.5000  -45.0000   52.5000 2701.5928   11.7558
   -7.5000  -37.5000   52.5000 2716.3948   12.1370
    0.0000  -37.5000   52.5000 2702.2085   11.8697
    7.5000  -37.5000   52.5000 2697.4219   11.9020
   -7.5000  -30.0000   52.5000 2714.2207   12.2347
    0.0000  -30.0000   52.5000 2695.2454   12.0248
    7.5000  -30.0000   52.5000 2692.9873   12.0720
   -7.5000  -22.5000   52.5000 2711.4116   12.4170
    0.0000  -22.5000   52.5000 2699.4309   12.2317
    7.5000  -22.5000   52.5000 2702.7148   12.2975
   -7.5000  -15.0000   52.5000 2704.8638   12.6488
    0.0000  -15.0000   52.5000 2697.2166   12.4733
    7.5000  -15.0000   52.5000 2699.1423   12.5713
   -7.5000   -7.5000   52.5000 2693.1873   12.8952

---------------------------------------------------------------------
imgreg_4dfp /Users/uchidawataru/bin/freesurfer/average/711-2C_as_mni_average_305 /Users/uchidawataru/bin/freesurfer/average/711-2B_as_mni_average_305_mask talsrcimg_g11 none talsrcimg_to_711-2C_as_mni_average_305_t4 1283
---------------------------------------------------------------------

freesurfer imgreg_4dfp.c
/Users/uchidawataru/bin/freesurfer/average/711-2C_as_mni_average_305.4dfp.img
       256       256       256         1
  1.000000  1.000000  1.000000
orientation T byte_order littleendian
Reading image: /Users/uchidawataru/bin/freesurfer/average/711-2C_as_mni_average_305.4dfp.img
dimensions:      256       256       256
mmppix:       1.0000   -1.0000   -1.0000
center:     128.0000 -129.0000 -129.0000
/Users/uchidawataru/bin/freesurfer/average/711-2B_as_mni_average_305_mask.4dfp.img
       256       256       256         1
  1.000000  1.000000  1.000000
orientation T byte_order littleendian
Reading mask: /Users/uchidawataru/bin/freesurfer/average/711-2B_as_mni_average_305_mask.4dfp.img (2306576 pixels)
talsrcimg_g11.4dfp.img
       256       256       256         1
  1.000000  1.000000  1.000000
orientation T byte_order littleendian
Reading image: talsrcimg_g11.4dfp.img
dimensions:      256       256       256
mmppix:       1.0000   -1.0000   -1.0000
center:     128.0000 -129.0000 -129.0000

---------------------------------------------------------------------
imgreg_4dfp /Users/uchidawataru/bin/freesurfer/average/711-2C_as_mni_average_305 /Users/uchidawataru/bin/freesurfer/average/711-2B_as_mni_average_305_mask talsrcimg_g11 none talsrcimg_to_711-2C_as_mni_average_305_t4 3335
---------------------------------------------------------------------

freesurfer imgreg_4dfp.c
/Users/uchidawataru/bin/freesurfer/average/711-2C_as_mni_average_305.4dfp.img
       256       256       256         1
  1.000000  1.000000  1.000000
orientation T byte_order littleendian
Reading image: /Users/uchidawataru/bin/freesurfer/average/711-2C_as_mni_average_305.4dfp.img
dimensions:      256       256       256
mmppix:       1.0000   -1.0000   -1.0000
center:     128.0000 -129.0000 -129.0000
/Users/uchidawataru/bin/freesurfer/average/711-2B_as_mni_average_305_mask.4dfp.img
       256       256       256         1
  1.000000  1.000000  1.000000
orientation T byte_order littleendian
Reading mask: /Users/uchidawataru/bin/freesurfer/average/711-2B_as_mni_average_305_mask.4dfp.img (2306576 pixels)
talsrcimg_g11.4dfp.img
       256       256       256         1
  1.000000  1.000000  1.000000
orientation T byte_order littleendian
Reading image: talsrcimg_g11.4dfp.img
dimensions:      256       256       256
mmppix:       1.0000   -1.0000   -1.0000
center:     128.0000 -129.0000 -129.0000
fimgreg.f
image alignment mode   3335 decimal      D07 hex
parameters
    1.3626   -4.0942   11.2206   -0.2427   -0.1029   -0.2762
    2.7505    6.3960   -2.5123   -3.7752   -6.4932    3.6054
eta,q 0.90405 12.28670
niter,ni,del,rscale     5    3    5.0000    1.2000
parameter  4  1.591131 ->  0.500000 qaram    1.1500
parameter  5  1.192067 ->  0.500000 qaram    1.1500
parameter  6  1.244678 ->  0.500000 qaram    1.1500
parameter 10  2.127795 ->  0.500000 qaram    1.1500
parameter 12  0.610589 ->  0.500000 qaram    1.1500
parameters
    1.3204   -4.2591   10.9457   -4.3827   -4.2429   -4.4162
    0.7058    3.9734   -0.7088   -7.9152   -5.4863   -0.5346
eta,q 0.91830 12.65421
  0.0977  0.0973  0.0969  0.0901  0.0865  0.0838  0.0855  0.0855  0.0854  0.0807  0.0828  0.0816
  0.0968  0.0965  0.0963  0.0915  0.0876  0.0846  0.0850  0.0846  0.0849  0.0814  0.0823  0.0817
  0.0962  0.0961  0.0960  0.0933  0.0892  0.0860  0.0848  0.0843  0.0845  0.0826  0.0819  0.0817
  0.0959  0.0959  0.0959  0.0959  0.0919  0.0880  0.0849  0.0848  0.0843  0.0843  0.0817  0.0817
  0.0962  0.0962  0.0962  0.0995  0.0960  0.0911  0.0853  0.0856  0.0843  0.0861  0.0818  0.0819
  0.0969  0.0968  0.0967  0.1034  0.1010  0.0941  0.0861  0.0866  0.0844  0.0880  0.0820  0.0821
  0.0979  0.0977  0.0974  0.1074  0.1059  0.0982  0.0872  0.0883  0.0847  0.0901  0.0823  0.0825
niter,ni,del,rscale     7    3    5.0000    1.2000
parameter  2 -2.209088 -> -0.500000 qaram    1.1500
parameter  4  0.830983 ->  0.500000 qaram    1.3225
parameter  5  1.218859 ->  0.500000 qaram    1.3225
parameter 10  0.659767 ->  0.500000 qaram    1.3225
parameter 12 -1.249457 -> -0.500000 qaram    1.3225
parameters
    1.0386   -2.8791   10.9257   -9.1437   -9.0039   -6.5313
    0.9605    4.5989    1.4267  -12.6762   -6.1859    4.2264
eta,q 0.92859 12.80844
  0.0828  0.0858  0.0808  0.0775  0.0725  0.0769  0.0757  0.0775  0.0750  0.0735  0.0733  0.0766
  0.0822  0.0843  0.0803  0.0779  0.0738  0.0755  0.0749  0.0760  0.0746  0.0728  0.0729  0.0749
  0.0818  0.0829  0.0801  0.0787  0.0754  0.0745  0.0744  0.0749  0.0744  0.0731  0.0728  0.0737
  0.0817  0.0817  0.0800  0.0800  0.0781  0.0741  0.0743  0.0743  0.0743  0.0743  0.0727  0.0727
  0.0820  0.0806  0.0801  0.0819  0.0818  0.0756  0.0745  0.0745  0.0743  0.0760  0.0728  0.0719
  0.0826  0.0798  0.0804  0.0850  0.0864  0.0790  0.0749  0.0753  0.0743  0.0782  0.0731  0.0713
  0.0834  0.0791  0.0808  0.0891  0.0916  0.0837  0.0754  0.0766  0.0744  0.0809  0.0735  0.0710
niter,ni,del,rscale     7    3    5.0000    1.2000
parameter  2 -1.692388 -> -0.500000 qaram    1.3225
parameter  3  0.841797 ->  0.500000 qaram    1.1500
parameter  5  0.570605 ->  0.500000 qaram    1.5209
parameter 12 -0.587350 -> -0.500000 qaram    1.5209
parameters
    0.4541   -1.2921    9.5457  -13.6454  -14.4791   -6.5773
   -0.4084    4.2040    2.5110  -12.2908   -4.6571    9.7015
eta,q 0.93424 12.75683
  0.0721  0.0775  0.0685  0.0684  0.0668  0.0709  0.0673  0.0687  0.0669  0.0701  0.0673  0.0697
  0.0716  0.0753  0.0684  0.0680  0.0665  0.0693  0.0667  0.0672  0.0667  0.0677  0.0669  0.0684
  0.0713  0.0732  0.0686  0.0679  0.0665  0.0678  0.0664  0.0666  0.0665  0.0667  0.0666  0.0673
  0.0714  0.0713  0.0691  0.0684  0.0679  0.0665  0.0665  0.0664  0.0664  0.0664  0.0664  0.0664
  0.0718  0.0699  0.0697  0.0697  0.0713  0.0664  0.0668  0.0666  0.0665  0.0665  0.0664  0.0659
  0.0725  0.0688  0.0705  0.0718  0.0767  0.0680  0.0675  0.0676  0.0666  0.0675  0.0665  0.0658
  0.0734  0.0681  0.0713  0.0753  0.0833  0.0725  0.0683  0.0693  0.0667  0.0695  0.0668  0.0662
niter,ni,del,rscale     7    3    5.0000    1.2000
parameter  2 -3.955226 -> -0.500000 qaram    1.5209
parameter  9 -9.160315 -> -0.500000 qaram    1.1500
parameters
    0.6440    0.5329    9.1141  -12.7781  -17.8734   -7.8726
   -1.0270    3.9015    6.6510   -9.3119   -6.5035    9.4503
eta,q 0.93719 12.78437
  0.0671  0.0720  0.0639  0.0655  0.0644  0.0661  0.0645  0.0657  0.0636  0.0660  0.0632  0.0647
  0.0663  0.0697  0.0632  0.0644  0.0636  0.0651  0.0638  0.0642  0.0635  0.0646  0.0629  0.0637
  0.0659  0.0676  0.0628  0.0635  0.0631  0.0640  0.0635  0.0635  0.0635  0.0637  0.0628  0.0631
  0.0658  0.0657  0.0629  0.0628  0.0627  0.0630  0.0633  0.0633  0.0633  0.0632  0.0628  0.0628
  0.0658  0.0640  0.0632  0.0626  0.0637  0.0636  0.0636  0.0636  0.0632  0.0628  0.0631  0.0629
  0.0661  0.0624  0.0639  0.0634  0.0678  0.0662  0.0642  0.0645  0.0632  0.0629  0.0634  0.0637
  0.0667  0.0609  0.0648  0.0651  0.0755  0.0706  0.0650  0.0661  0.0631  0.0639  0.0638  0.0651
niter,ni,del,rscale     7    3    5.0000    1.2000
parameter  2 -9.231906 -> -0.500000 qaram    1.7490
parameter 10 -0.662134 -> -0.500000 qaram    1.5209
parameters
    0.6369    2.6317    8.2960  -10.9637  -20.2362   -9.4462
   -2.3580    3.9156    6.5851   -3.8367   -5.1881    6.4861
eta,q 0.94164 12.86457
  0.0639  0.0698  0.0595  0.0622  0.0610  0.0614  0.0603  0.0621  0.0600  0.0624  0.0598  0.0594
  0.0633  0.0673  0.0590  0.0609  0.0600  0.0606  0.0596  0.0604  0.0597  0.0612  0.0590  0.0587
  0.0629  0.0650  0.0588  0.0597  0.0591  0.0598  0.0593  0.0596  0.0594  0.0602  0.0586  0.0584
  0.0628  0.0628  0.0590  0.0588  0.0585  0.0589  0.0594  0.0593  0.0593  0.0593  0.0584  0.0584
  0.0629  0.0606  0.0594  0.0584  0.0588  0.0594  0.0597  0.0597  0.0594  0.0587  0.0584  0.0589
  0.0633  0.0584  0.0601  0.0590  0.0617  0.0619  0.0604  0.0605  0.0596  0.0584  0.0586  0.0603
  0.0640  0.0565  0.0609  0.0608  0.0686  0.0669  0.0614  0.0620  0.0601  0.0590  0.0590  0.0623
niter,ni,del,rscale     7    3    5.0000    1.2000
parameter  2 -2.938046 -> -0.500000 qaram    2.0114
parameters
    0.6047    5.0453    7.0419  -10.3160  -20.4401  -10.9387
   -2.5617    3.2507    5.1585   -0.7485   -3.9012    2.8593
eta,q 0.94658 13.00435
  0.0599  0.0679  0.0541  0.0574  0.0580  0.0563  0.0557  0.0567  0.0548  0.0581  0.0550  0.0542
  0.0590  0.0644  0.0538  0.0560  0.0563  0.0553  0.0547  0.0551  0.0543  0.0562  0.0543  0.0536
  0.0585  0.0612  0.0538  0.0548  0.0549  0.0544  0.0542  0.0543  0.0541  0.0550  0.0538  0.0534
  0.0584  0.0584  0.0541  0.0538  0.0536  0.0537  0.0540  0.0540  0.0540  0.0540  0.0536  0.0536
  0.0585  0.0558  0.0544  0.0535  0.0529  0.0541  0.0543  0.0547  0.0543  0.0535  0.0536  0.0542
  0.0591  0.0535  0.0550  0.0547  0.0545  0.0562  0.0549  0.0559  0.0548  0.0538  0.0538  0.0555
  0.0599  0.0516  0.0560  0.0572  0.0606  0.0619  0.0559  0.0578  0.0556  0.0554  0.0542  0.0575
niter,ni,del,rscale     7    3    5.0000    1.2000
parameter  2 -2.045635 -> -0.500000 qaram    2.3131
parameter 10 -1.881787 -> -0.500000 qaram    1.7490
parameters
    0.3922    7.8210    6.0378  -10.1514  -21.6416  -11.9915
   -2.4465    2.6633    5.8624    5.5479   -3.9532   -2.3886
eta,q 0.95293 13.19202
  0.0548  0.0638  0.0495  0.0523  0.0540  0.0520  0.0515  0.0521  0.0506  0.0548  0.0487  0.0476
  0.0540  0.0599  0.0491  0.0510  0.0522  0.0510  0.0505  0.0506  0.0501  0.0525  0.0481  0.0471
  0.0535  0.0564  0.0490  0.0499  0.0505  0.0502  0.0499  0.0499  0.0499  0.0510  0.0477  0.0471
  0.0534  0.0534  0.0492  0.0490  0.0490  0.0495  0.0497  0.0497  0.0497  0.0497  0.0476  0.0476
  0.0537  0.0509  0.0495  0.0487  0.0486  0.0494  0.0499  0.0502  0.0496  0.0485  0.0477  0.0485
  0.0544  0.0486  0.0500  0.0499  0.0520  0.0510  0.0504  0.0513  0.0498  0.0473  0.0481  0.0502
  0.0554  0.0471  0.0508  0.0530  0.0606  0.0559  0.0513  0.0530  0.0504  0.0466  0.0487  0.0525
niter,ni,del,rscale     7    3    5.0000    1.2000
parameter  2 -2.049625 -> -0.500000 qaram    2.6600
parameter 10 -1.673614 -> -0.500000 qaram    2.0114
parameter 12  0.706193 ->  0.500000 qaram    1.7490
parameters
    0.1249   11.0130    4.7173  -10.6646  -24.7139  -13.6586
   -2.9373    2.3142    3.9716   12.7888   -2.9568   -8.6850
eta,q 0.96429 13.42188
  0.0484  0.0601  0.0407  0.0438  0.0437  0.0430  0.0429  0.0441  0.0422  0.0514  0.0376  0.0358
  0.0476  0.0553  0.0404  0.0423  0.0425  0.0424  0.0421  0.0426  0.0416  0.0482  0.0371  0.0357
  0.0471  0.0511  0.0404  0.0412  0.0413  0.0417  0.0416  0.0417  0.0414  0.0449  0.0368  0.0360
  0.0471  0.0470  0.0407  0.0404  0.0405  0.0412  0.0415  0.0415  0.0415  0.0414  0.0367  0.0366
  0.0474  0.0431  0.0412  0.0403  0.0418  0.0412  0.0417  0.0419  0.0418  0.0383  0.0367  0.0376
  0.0481  0.0400  0.0421  0.0419  0.0481  0.0433  0.0424  0.0429  0.0424  0.0362  0.0368  0.0390
  0.0492  0.0390  0.0432  0.0459  0.0590  0.0485  0.0433  0.0447  0.0433  0.0362  0.0372  0.0412
niter,ni,del,rscale     7    3    5.0000    1.2000
parameter  2 -0.617424 -> -0.500000 qaram    3.0590
parameter 12  0.569010 ->  0.500000 qaram    2.0114
parameters
    0.0628   14.6839    3.9651   -9.3960  -27.8500  -13.8733
   -3.0720    2.2654    3.7380   16.5382   -4.8710  -15.9259
eta,q 0.97168 13.68425
  0.0377  0.0555  0.0310  0.0349  0.0348  0.0344  0.0324  0.0343  0.0326  0.0442  0.0297  0.0290
  0.0365  0.0485  0.0306  0.0331  0.0325  0.0329  0.0314  0.0323  0.0315  0.0385  0.0294  0.0283
  0.0359  0.0417  0.0303  0.0316  0.0308  0.0317  0.0309  0.0311  0.0309  0.0339  0.0294  0.0285
  0.0357  0.0357  0.0304  0.0303  0.0299  0.0306  0.0307  0.0307  0.0307  0.0307  0.0294  0.0294
  0.0360  0.0315  0.0308  0.0295  0.0321  0.0300  0.0309  0.0310  0.0310  0.0293  0.0296  0.0306
  0.0367  0.0305  0.0315  0.0301  0.0418  0.0316  0.0315  0.0322  0.0316  0.0304  0.0299  0.0323
  0.0378  0.0346  0.0328  0.0341  0.0562  0.0366  0.0325  0.0345  0.0328  0.0359  0.0302  0.0347
niter,ni,del,rscale     7    3    5.0000    1.2000
parameters
    0.0333   14.5594    2.8010   -8.4309  -28.0072  -14.5824
   -3.0681    2.5603    4.4616   18.6402   -4.4886  -15.6785
eta,q 0.97238 13.70857
  0.0307  0.0470  0.0286  0.0329  0.0354  0.0324  0.0302  0.0329  0.0306  0.0409  0.0285  0.0333
  0.0293  0.0382  0.0282  0.0311  0.0324  0.0305  0.0290  0.0303  0.0293  0.0347  0.0280  0.0293
  0.0285  0.0314  0.0281  0.0295  0.0297  0.0290  0.0283  0.0287  0.0285  0.0306  0.0277  0.0276
  0.0283  0.0283  0.0284  0.0281  0.0278  0.0279  0.0281  0.0281  0.0281  0.0281  0.0276  0.0276
  0.0286  0.0295  0.0290  0.0274  0.0267  0.0274  0.0284  0.0285  0.0282  0.0274  0.0277  0.0285
  0.0294  0.0359  0.0300  0.0285  0.0291  0.0301  0.0290  0.0298  0.0288  0.0291  0.0279  0.0301
  0.0307  0.0514  0.0314  0.0324  0.0395  0.0370  0.0301  0.0322  0.0298  0.0362  0.0283  0.0320
niter,ni,del,rscale     6    3    5.0000    1.2000
parameters
    0.0083   14.6683    2.6087   -8.4685  -27.9076  -14.8255
   -3.1823    2.4100    4.5293   18.3004   -4.4116  -15.6873
eta,q 0.97233 13.70603
  0.0303  0.0469  0.0289  0.0322  0.0353  0.0323  0.0296  0.0320  0.0297  0.0378  0.0285  0.0329
  0.0288  0.0381  0.0281  0.0304  0.0323  0.0304  0.0284  0.0295  0.0285  0.0328  0.0280  0.0291
  0.0279  0.0313  0.0276  0.0288  0.0296  0.0288  0.0278  0.0281  0.0278  0.0293  0.0277  0.0276
  0.0276  0.0276  0.0276  0.0275  0.0276  0.0275  0.0276  0.0276  0.0276  0.0276  0.0277  0.0277
  0.0279  0.0281  0.0278  0.0273  0.0264  0.0268  0.0279  0.0281  0.0278  0.0277  0.0277  0.0287
  0.0289  0.0338  0.0284  0.0291  0.0284  0.0288  0.0286  0.0298  0.0285  0.0310  0.0280  0.0301
  0.0304  0.0489  0.0293  0.0338  0.0384  0.0352  0.0297  0.0324  0.0296  0.0413  0.0284  0.0319
niter,ni,del,rscale     5    3    5.0000    1.2000
parameters
   -0.0098   14.6623    2.5546   -8.3959  -27.9197  -14.8487
   -3.1832    2.3687    4.4992   18.3477   -4.3698  -15.7680
eta,q 0.97236 13.70720
  0.0303  0.0463  0.0292  0.0324  0.0354  0.0325  0.0297  0.0322  0.0297  0.0382  0.0285  0.0329
  0.0288  0.0377  0.0283  0.0306  0.0323  0.0305  0.0285  0.0297  0.0285  0.0331  0.0280  0.0291
  0.0279  0.0311  0.0278  0.0290  0.0296  0.0289  0.0278  0.0282  0.0279  0.0295  0.0277  0.0275
  0.0277  0.0277  0.0277  0.0277  0.0276  0.0276  0.0277  0.0277  0.0277  0.0277  0.0277  0.0276
  0.0280  0.0283  0.0279  0.0273  0.0266  0.0269  0.0279  0.0282  0.0279  0.0276  0.0277  0.0287
  0.0289  0.0343  0.0284  0.0291  0.0287  0.0286  0.0286  0.0298  0.0286  0.0305  0.0280  0.0301
  0.0303  0.0496  0.0292  0.0337  0.0388  0.0346  0.0297  0.0323  0.0297  0.0403  0.0284  0.0319
niter,ni,del,rscale     4    3    5.0000    1.2000
parameters
   -0.0189   14.6739    2.5390   -8.3879  -27.9299  -14.8637
   -3.1678    2.3489    4.4880   18.3803   -4.3607  -15.7890

---------------------------------------------------------------------
imgreg_4dfp /Users/uchidawataru/bin/freesurfer/average/711-2C_as_mni_average_305 /Users/uchidawataru/bin/freesurfer/average/711-2B_as_mni_average_305_mask talsrcimg_g11 none talsrcimg_to_711-2C_as_mni_average_305_t4 2311
---------------------------------------------------------------------

freesurfer imgreg_4dfp.c
/Users/uchidawataru/bin/freesurfer/average/711-2C_as_mni_average_305.4dfp.img
       256       256       256         1
  1.000000  1.000000  1.000000
orientation T byte_order littleendian
Reading image: /Users/uchidawataru/bin/freesurfer/average/711-2C_as_mni_average_305.4dfp.img
dimensions:      256       256       256
mmppix:       1.0000   -1.0000   -1.0000
center:     128.0000 -129.0000 -129.0000
/Users/uchidawataru/bin/freesurfer/average/711-2B_as_mni_average_305_mask.4dfp.img
       256       256       256         1
  1.000000  1.000000  1.000000
orientation T byte_order littleendian
Reading mask: /Users/uchidawataru/bin/freesurfer/average/711-2B_as_mni_average_305_mask.4dfp.img (2306576 pixels)
talsrcimg_g11.4dfp.img
       256       256       256         1
  1.000000  1.000000  1.000000
orientation T byte_order littleendian
Reading image: talsrcimg_g11.4dfp.img
dimensions:      256       256       256
mmppix:       1.0000   -1.0000   -1.0000
center:     128.0000 -129.0000 -129.0000
fimgreg.f
image alignment mode   2311 decimal      907 hex
parameters
   -0.0189   14.6739    2.5390   -8.3879  -27.9299  -14.8637
   -3.1678    2.3489    4.4880   18.3803   -4.3607  -15.7890
eta,q 0.97237 13.70772
niter,ni,del,rscale     5    3    5.0000    0.8000
parameter  2 -0.538503 -> -0.500000 qaram    1.1500
parameter 12  0.739256 ->  0.500000 qaram    1.1500
parameters
   -0.0416   15.5939    2.3106   -6.2788  -26.0049  -14.2925
   -3.2127    2.3409    4.2244   20.5131   -4.0738  -18.5490
eta,q 0.97440 13.89824
  0.0288  0.0295  0.0277  0.0294  0.0295  0.0283  0.0278  0.0290  0.0274  0.0284  0.0267  0.0256
  0.0281  0.0287  0.0275  0.0287  0.0285  0.0275  0.0269  0.0275  0.0268  0.0275  0.0263  0.0256
  0.0277  0.0280  0.0274  0.0280  0.0277  0.0269  0.0264  0.0266  0.0264  0.0267  0.0260  0.0257
  0.0276  0.0276  0.0274  0.0274  0.0269  0.0264  0.0263  0.0263  0.0263  0.0263  0.0260  0.0260
  0.0278  0.0274  0.0275  0.0270  0.0265  0.0261  0.0265  0.0266  0.0264  0.0260  0.0260  0.0264
  0.0282  0.0274  0.0277  0.0270  0.0265  0.0264  0.0270  0.0275  0.0269  0.0260  0.0262  0.0269
  0.0288  0.0276  0.0280  0.0276  0.0274  0.0280  0.0279  0.0290  0.0278  0.0264  0.0265  0.0276
niter,ni,del,rscale     6    3    5.0000    0.9000
parameters
   -0.0616   15.3969    2.4501   -7.3526  -26.4387  -14.0879
   -2.9763    2.2245    4.1977   20.8014   -4.2045  -18.7457
eta,q 0.97436 13.86665
  0.0277  0.0275  0.0268  0.0272  0.0281  0.0286  0.0275  0.0288  0.0269  0.0274  0.0263  0.0269
  0.0265  0.0265  0.0262  0.0264  0.0271  0.0275  0.0265  0.0271  0.0262  0.0266  0.0259  0.0261
  0.0258  0.0258  0.0258  0.0258  0.0262  0.0265  0.0259  0.0260  0.0258  0.0260  0.0257  0.0257
  0.0256  0.0256  0.0256  0.0256  0.0257  0.0257  0.0257  0.0257  0.0257  0.0257  0.0257  0.0257
  0.0259  0.0260  0.0257  0.0261  0.0257  0.0254  0.0258  0.0261  0.0258  0.0257  0.0258  0.0258
  0.0266  0.0269  0.0260  0.0275  0.0270  0.0262  0.0263  0.0273  0.0262  0.0261  0.0260  0.0263
  0.0278  0.0286  0.0265  0.0300  0.0301  0.0291  0.0272  0.0291  0.0270  0.0272  0.0264  0.0270
niter,ni,del,rscale     5    3    5.0000    0.8000
parameters
   -0.1172   15.5283    2.3158   -7.3648  -26.3500  -14.0290
   -2.9094    2.1827    4.2122   21.0517   -4.2569  -19.0739
eta,q 0.97445 13.87840
  0.0270  0.0275  0.0263  0.0273  0.0278  0.0279  0.0269  0.0282  0.0266  0.0270  0.0262  0.0265
  0.0262  0.0266  0.0259  0.0266  0.0269  0.0270  0.0262  0.0268  0.0261  0.0263  0.0258  0.0259
  0.0258  0.0260  0.0257  0.0260  0.0262  0.0262  0.0257  0.0259  0.0257  0.0258  0.0256  0.0256
  0.0256  0.0256  0.0256  0.0256  0.0256  0.0256  0.0256  0.0256  0.0256  0.0256  0.0256  0.0256
  0.0258  0.0257  0.0258  0.0257  0.0255  0.0254  0.0257  0.0259  0.0257  0.0256  0.0256  0.0257
  0.0264  0.0262  0.0261  0.0263  0.0262  0.0261  0.0261  0.0268  0.0260  0.0260  0.0258  0.0261
  0.0272  0.0271  0.0265  0.0277  0.0283  0.0286  0.0269  0.0283  0.0266  0.0268  0.0262  0.0267
niter,ni,del,rscale     4    3    5.0000    0.7000
parameters
   -0.1410   15.5684    2.2780   -7.2859  -26.2057  -13.8379
   -2.8850    2.1671    4.2138   21.1279   -4.3004  -19.2982
eta,q 0.97456 13.88955
  0.0267  0.0269  0.0261  0.0269  0.0273  0.0275  0.0265  0.0276  0.0263  0.0265  0.0259  0.0262
  0.0260  0.0262  0.0258  0.0263  0.0266  0.0267  0.0259  0.0264  0.0258  0.0260  0.0257  0.0257
  0.0257  0.0257  0.0256  0.0258  0.0260  0.0260  0.0256  0.0257  0.0256  0.0256  0.0255  0.0255
  0.0255  0.0256  0.0255  0.0255  0.0255  0.0255  0.0255  0.0255  0.0255  0.0255  0.0254  0.0254
  0.0257  0.0257  0.0256  0.0256  0.0255  0.0253  0.0256  0.0257  0.0255  0.0255  0.0255  0.0256
  0.0261  0.0261  0.0258  0.0260  0.0260  0.0259  0.0259  0.0265  0.0258  0.0258  0.0257  0.0259
  0.0267  0.0268  0.0262  0.0270  0.0275  0.0277  0.0265  0.0276  0.0263  0.0265  0.0259  0.0263
niter,ni,del,rscale     3    3    5.0000    0.6000
parameters
   -0.1526   15.5654    2.3109   -7.2411  -26.0339  -13.5793
   -2.8724    2.1657    4.2040   21.1000   -4.3482  -19.4289
eta,q 0.97466 13.89829
  0.0263  0.0264  0.0260  0.0265  0.0269  0.0270  0.0262  0.0270  0.0260  0.0261  0.0257  0.0259

---------------------------------------------------------------------
imgreg_4dfp /Users/uchidawataru/bin/freesurfer/average/711-2C_as_mni_average_305 /Users/uchidawataru/bin/freesurfer/average/711-2B_as_mni_average_305_mask talsrcimg_g11 none talsrcimg_to_711-2C_as_mni_average_305_t4 2311
---------------------------------------------------------------------

freesurfer imgreg_4dfp.c
/Users/uchidawataru/bin/freesurfer/average/711-2C_as_mni_average_305.4dfp.img
       256       256       256         1
  1.000000  1.000000  1.000000
orientation T byte_order littleendian
Reading image: /Users/uchidawataru/bin/freesurfer/average/711-2C_as_mni_average_305.4dfp.img
dimensions:      256       256       256
mmppix:       1.0000   -1.0000   -1.0000
center:     128.0000 -129.0000 -129.0000
/Users/uchidawataru/bin/freesurfer/average/711-2B_as_mni_average_305_mask.4dfp.img
       256       256       256         1
  1.000000  1.000000  1.000000
orientation T byte_order littleendian
Reading mask: /Users/uchidawataru/bin/freesurfer/average/711-2B_as_mni_average_305_mask.4dfp.img (2306576 pixels)
talsrcimg_g11.4dfp.img
       256       256       256         1
  1.000000  1.000000  1.000000
orientation T byte_order littleendian
Reading image: talsrcimg_g11.4dfp.img
dimensions:      256       256       256
mmppix:       1.0000   -1.0000   -1.0000
center:     128.0000 -129.0000 -129.0000
fimgreg.f
image alignment mode   2311 decimal      907 hex
parameters
   -0.1585   15.4993    2.4399   -7.2354  -25.6808  -13.0405
   -2.8605    2.2092    4.1799   20.9376   -4.4431  -19.5858
eta,q 0.97480 13.90900
niter,ni,del,rscale     5    3    5.0000    0.8000
parameters
   -0.1505   15.3930    2.5437   -7.7894  -26.2856  -13.6207
   -2.8139    2.2388    4.2789   20.9347   -4.5439  -18.9960
eta,q 0.97449 13.87191
  0.0269  0.0265  0.0264  0.0267  0.0271  0.0277  0.0268  0.0282  0.0265  0.0268  0.0261  0.0266
  0.0259  0.0258  0.0258  0.0260  0.0263  0.0267  0.0261  0.0267  0.0260  0.0262  0.0257  0.0260
  0.0254  0.0253  0.0254  0.0254  0.0256  0.0259  0.0257  0.0258  0.0256  0.0257  0.0256  0.0256
  0.0252  0.0252  0.0252  0.0252  0.0252  0.0253  0.0255  0.0255  0.0255  0.0255  0.0255  0.0255
  0.0254  0.0254  0.0253  0.0254  0.0254  0.0255  0.0256  0.0258  0.0256  0.0256  0.0256  0.0256
  0.0259  0.0260  0.0256  0.0263  0.0266  0.0271  0.0261  0.0267  0.0259  0.0260  0.0258  0.0258
  0.0269  0.0270  0.0261  0.0280  0.0294  0.0305  0.0268  0.0281  0.0265  0.0270  0.0261  0.0261
niter,ni,del,rscale     4    3    5.0000    0.7000
parameters
   -0.1510   15.5257    2.3610   -7.4077  -26.1758  -13.7592
   -2.8875    2.2339    4.2897   21.0418   -4.4734  -19.2706
eta,q 0.97457 13.88741
  0.0266  0.0267  0.0260  0.0270  0.0272  0.0273  0.0265  0.0276  0.0263  0.0265  0.0260  0.0260
  0.0260  0.0261  0.0257  0.0263  0.0265  0.0265  0.0259  0.0264  0.0258  0.0260  0.0257  0.0256
  0.0256  0.0257  0.0255  0.0258  0.0259  0.0259  0.0255  0.0257  0.0255  0.0256  0.0255  0.0255
  0.0255  0.0255  0.0255  0.0255  0.0254  0.0254  0.0255  0.0255  0.0255  0.0255  0.0254  0.0254
  0.0256  0.0255  0.0256  0.0254  0.0254  0.0253  0.0256  0.0257  0.0255  0.0255  0.0255  0.0255
  0.0260  0.0258  0.0259  0.0258  0.0259  0.0261  0.0259  0.0264  0.0258  0.0258  0.0257  0.0258
  0.0266  0.0263  0.0263  0.0267  0.0275  0.0283  0.0265  0.0276  0.0263  0.0265  0.0259  0.0261
niter,ni,del,rscale     3    3    5.0000    0.6000
parameters
   -0.1480   15.5534    2.3290   -7.2668  -26.0215  -13.5633
   -2.9024    2.2214    4.2536   21.0815   -4.4330  -19.4617
eta,q 0.97466 13.89809
  0.0263  0.0262  0.0259  0.0265  0.0268  0.0270  0.0261  0.0270  0.0260  0.0262  0.0258  0.0258
  0.0258  0.0258  0.0256  0.0260  0.0263  0.0263  0.0257  0.0261  0.0256  0.0258  0.0255  0.0255
  0.0255  0.0255  0.0255  0.0257  0.0258  0.0258  0.0254  0.0255  0.0254  0.0255  0.0254  0.0254
  0.0254  0.0254  0.0254  0.0254  0.0254  0.0254  0.0253  0.0253  0.0253  0.0253  0.0253  0.0253
  0.0255  0.0255  0.0255  0.0254  0.0254  0.0253  0.0254  0.0256  0.0254  0.0254  0.0254  0.0254
  0.0258  0.0257  0.0257  0.0258  0.0258  0.0257  0.0257  0.0261  0.0256  0.0257  0.0255  0.0256
  0.0263  0.0262  0.0259  0.0265  0.0269  0.0270  0.0262  0.0270  0.0260  0.0262  0.0257  0.0258
niter,ni,del,rscale     2    3    5.0000    0.5000
parameters
   -0.1505   15.5426    2.3699   -7.2374  -25.8612  -13.3018
   -2.8985    2.2190    4.2177   21.0325   -4.4341  -19.5714
eta,q 0.97475 13.90480
  0.0260  0.0259  0.0257  0.0261  0.0264  0.0265  0.0258  0.0265  0.0257  0.0258  0.0256  0.0256
  0.0256  0.0256  0.0255  0.0257  0.0259  0.0261  0.0255  0.0258  0.0255  0.0255  0.0254  0.0254
  0.0254  0.0254  0.0254  0.0255  0.0256  0.0256  0.0253  0.0254  0.0253  0.0254  0.0253  0.0253
  0.0253  0.0253  0.0253  0.0253  0.0253  0.0253  0.0253  0.0253  0.0253  0.0253  0.0253  0.0253
  0.0254  0.0254  0.0254  0.0254  0.0253  0.0252  0.0253  0.0254  0.0253  0.0253  0.0253  0.0253
  0.0256  0.0256  0.0255  0.0256  0.0256  0.0255  0.0255  0.0258  0.0255  0.0255  0.0254  0.0254
  0.0260  0.0259  0.0257  0.0262  0.0263  0.0264  0.0258  0.0265  0.0257  0.0259  0.0255  0.0256
niter,ni,del,rscale     1    3    5.0000    0.4000
parameters
   -0.1528   15.5089    2.4375   -7.2338  -25.6965  -13.0426
   -2.8758    2.2260    4.1971   20.9547   -4.4760  -19.6327
eta,q 0.97480 13.90927
  0.0257  0.0256  0.0256  0.0258  0.0260  0.0261  0.0256  0.0260  0.0255  0.0256  0.0254  0.0254
  0.0254  0.0254  0.0254  0.0255  0.0257  0.0258  0.0254  0.0256  0.0253  0.0254  0.0253  0.0253

---------------------------------------------------------------------
compute_vox2vox talsrcimg talsrcimg_to_711-2C_as_mni_average_305_t4 /Users/uchidawataru/bin/freesurfer/average/711-2C_as_mni_average_305
---------------------------------------------------------------------

freesurfer compute_vox2vox.c
Reading: talsrcimg.4dfp.ifh
Reading: talsrcimg_to_711-2C_as_mni_average_305_t4
Reading: /Users/uchidawataru/bin/freesurfer/average/711-2C_as_mni_average_305.4dfp.ifh
Writing: talsrcimg_to_711-2C_as_mni_average_305_t4_vox2vox.txt

start time Mon Oct 9 15:40:09 JST 2023
end		time Mon Oct 9 15:40:31 JST 2023

mpr2mni305 success

avi2talxfm orig_nu.mgz /Users/uchidawataru/bin/freesurfer/average/mni305.cor.mgz talsrcimg_to_711-2C_as_mni_average_305_t4_vox2vox.txt transforms/talairach.auto.xfm
avi2talxfm done
lta_convert --src orig_nu.mgz --trg /Users/uchidawataru/bin/freesurfer/average/mni305.cor.mgz --inxfm transforms/talairach.auto.xfm --outlta transforms/talairach.auto.xfm.lta --subject fsaverage
7.1.1

--src: orig_nu.mgz src image (geometry).
--trg: /Users/uchidawataru/bin/freesurfer/average/mni305.cor.mgz trg image (geometry).
--inmni: transforms/talairach.auto.xfm input MNI/XFM transform.
--outlta: transforms/talairach.auto.xfm.lta output LTA.
--s: fsaverage subject name
 LTA read, type : 1
 1.07482  -0.03529   0.03227  -3.34288;
 0.03913   1.07987   0.28684  -8.13609;
-0.07175  -0.30255   1.26312  -15.09134;
 0.00000   0.00000   0.00000   1.00000;
setting subject to fsaverage
Writing  LTA to file transforms/talairach.auto.xfm.lta...
lta_convert successful.
 
 
Started at Mon Oct 9 15:40:08 JST 2023
Ended   at Mon Oct  9 15:40:31 JST 2023
talairach_avi done
